2025-06-27 20:28:32,391 [MainThread  ] [ERROR]  An error occurred during the simulation.
Traceback (most recent call last):
  File "/home/sahal.mullappilly/mohammad/MedAgentSim/medsim/run.py", line 217, in prep
    is_correct = run_simulation_idx(
                 ^^^^^^^^^^^^^^^^^^^
  File "/home/sahal.mullappilly/mohammad/MedAgentSim/medsim/run.py", line 424, in run_simulation_idx
    is_correct = run_interaction_loop(
                 ^^^^^^^^^^^^^^^^^^^^^
  File "/home/sahal.mullappilly/mohammad/MedAgentSim/medsim/run.py", line 494, in run_interaction_loop
    doctor_dialogue = doctor_agent.inference_doctor(
                      ^^^^^^^^^^^^^^^^^^^^^^^^^^^^^^
  File "/l/users/sahal.mullappilly/miniconda3/envs/omnigen/lib/python3.11/site-packages/medsim/agents.py", line 352, in inference_doctor
    return self.internal_discussion(patient_response, image_requested)
           ^^^^^^^^^^^^^^^^^^^^^^^^^^^^^^^^^^^^^^^^^^^^^^^^^^^^^^^^^^^
  File "/l/users/sahal.mullappilly/miniconda3/envs/omnigen/lib/python3.11/site-packages/medsim/agents.py", line 406, in internal_discussion
    generate_single('temp_question.json')
TypeError: generate_single() missing 2 required positional arguments: 'scenario_id' and 'save_path'
2025-06-27 21:39:22,870 [MainThread  ] [ERROR]  An error occurred during the simulation.
Traceback (most recent call last):
  File "/home/sahal.mullappilly/mohammad/MedAgentSim/medsim/run.py", line 217, in prep
    is_correct = run_simulation_idx(
                 ^^^^^^^^^^^^^^^^^^^
  File "/home/sahal.mullappilly/mohammad/MedAgentSim/medsim/run.py", line 424, in run_simulation_idx
    is_correct = run_interaction_loop(
                 ^^^^^^^^^^^^^^^^^^^^^
  File "/home/sahal.mullappilly/mohammad/MedAgentSim/medsim/run.py", line 494, in run_interaction_loop
    doctor_dialogue = doctor_agent.inference_doctor(
                      ^^^^^^^^^^^^^^^^^^^^^^^^^^^^^^
  File "/l/users/sahal.mullappilly/miniconda3/envs/omnigen/lib/python3.11/site-packages/medsim/agents.py", line 352, in inference_doctor
    return self.internal_discussion(patient_response, image_requested, scenario_id)
           ^^^^^^^^^^^^^^^^^^^^^^^^^^^^^^^^^^^^^^^^^^^^^^^^^^^^^^^^^^^^^^^^^^^^^^^^
  File "/l/users/sahal.mullappilly/miniconda3/envs/omnigen/lib/python3.11/site-packages/medsim/agents.py", line 406, in internal_discussion
    generate_single(self.backend, scenario_id, 'temp_question.json')
  File "/home/sahal.mullappilly/mohammad/MedAgentSim/MedPromptSimulate/src/promptbase/mmlu/generate.py", line 94, in generate_single
    MMLU.generate_solutions_without_rank(
  File "/home/sahal.mullappilly/mohammad/MedAgentSim/MedPromptSimulate/src/promptbase/mmlu/MMLU.py", line 145, in generate_solutions_without_rank
    options = copy.deepcopy(cot_without_rank)
              ^^^^^^^^^^^^^^^^^^^^^^^^^^^^^^^
  File "/l/users/sahal.mullappilly/miniconda3/envs/omnigen/lib/python3.11/copy.py", line 146, in deepcopy
    y = copier(x, memo)
        ^^^^^^^^^^^^^^^
  File "/l/users/sahal.mullappilly/miniconda3/envs/omnigen/lib/python3.11/copy.py", line 231, in _deepcopy_dict
    y[deepcopy(key, memo)] = deepcopy(value, memo)
                             ^^^^^^^^^^^^^^^^^^^^^
  File "/l/users/sahal.mullappilly/miniconda3/envs/omnigen/lib/python3.11/copy.py", line 172, in deepcopy
    y = _reconstruct(x, memo, *rv)
        ^^^^^^^^^^^^^^^^^^^^^^^^^^
  File "/l/users/sahal.mullappilly/miniconda3/envs/omnigen/lib/python3.11/copy.py", line 271, in _reconstruct
    state = deepcopy(state, memo)
            ^^^^^^^^^^^^^^^^^^^^^
  File "/l/users/sahal.mullappilly/miniconda3/envs/omnigen/lib/python3.11/copy.py", line 146, in deepcopy
    y = copier(x, memo)
        ^^^^^^^^^^^^^^^
  File "/l/users/sahal.mullappilly/miniconda3/envs/omnigen/lib/python3.11/copy.py", line 231, in _deepcopy_dict
    y[deepcopy(key, memo)] = deepcopy(value, memo)
                             ^^^^^^^^^^^^^^^^^^^^^
  File "/l/users/sahal.mullappilly/miniconda3/envs/omnigen/lib/python3.11/copy.py", line 146, in deepcopy
    y = copier(x, memo)
        ^^^^^^^^^^^^^^^
  File "/l/users/sahal.mullappilly/miniconda3/envs/omnigen/lib/python3.11/copy.py", line 206, in _deepcopy_list
    append(deepcopy(a, memo))
           ^^^^^^^^^^^^^^^^^
  File "/l/users/sahal.mullappilly/miniconda3/envs/omnigen/lib/python3.11/copy.py", line 172, in deepcopy
    y = _reconstruct(x, memo, *rv)
        ^^^^^^^^^^^^^^^^^^^^^^^^^^
  File "/l/users/sahal.mullappilly/miniconda3/envs/omnigen/lib/python3.11/copy.py", line 271, in _reconstruct
    state = deepcopy(state, memo)
            ^^^^^^^^^^^^^^^^^^^^^
  File "/l/users/sahal.mullappilly/miniconda3/envs/omnigen/lib/python3.11/copy.py", line 146, in deepcopy
    y = copier(x, memo)
        ^^^^^^^^^^^^^^^
  File "/l/users/sahal.mullappilly/miniconda3/envs/omnigen/lib/python3.11/copy.py", line 211, in _deepcopy_tuple
    y = [deepcopy(a, memo) for a in x]
        ^^^^^^^^^^^^^^^^^^^^^^^^^^^^^^
  File "/l/users/sahal.mullappilly/miniconda3/envs/omnigen/lib/python3.11/copy.py", line 211, in <listcomp>
    y = [deepcopy(a, memo) for a in x]
         ^^^^^^^^^^^^^^^^^
  File "/l/users/sahal.mullappilly/miniconda3/envs/omnigen/lib/python3.11/copy.py", line 146, in deepcopy
    y = copier(x, memo)
        ^^^^^^^^^^^^^^^
  File "/l/users/sahal.mullappilly/miniconda3/envs/omnigen/lib/python3.11/copy.py", line 231, in _deepcopy_dict
    y[deepcopy(key, memo)] = deepcopy(value, memo)
                             ^^^^^^^^^^^^^^^^^^^^^
  File "/l/users/sahal.mullappilly/miniconda3/envs/omnigen/lib/python3.11/copy.py", line 172, in deepcopy
    y = _reconstruct(x, memo, *rv)
        ^^^^^^^^^^^^^^^^^^^^^^^^^^
  File "/l/users/sahal.mullappilly/miniconda3/envs/omnigen/lib/python3.11/copy.py", line 271, in _reconstruct
    state = deepcopy(state, memo)
            ^^^^^^^^^^^^^^^^^^^^^
  File "/l/users/sahal.mullappilly/miniconda3/envs/omnigen/lib/python3.11/copy.py", line 146, in deepcopy
    y = copier(x, memo)
        ^^^^^^^^^^^^^^^
  File "/l/users/sahal.mullappilly/miniconda3/envs/omnigen/lib/python3.11/copy.py", line 211, in _deepcopy_tuple
    y = [deepcopy(a, memo) for a in x]
        ^^^^^^^^^^^^^^^^^^^^^^^^^^^^^^
  File "/l/users/sahal.mullappilly/miniconda3/envs/omnigen/lib/python3.11/copy.py", line 211, in <listcomp>
    y = [deepcopy(a, memo) for a in x]
         ^^^^^^^^^^^^^^^^^
  File "/l/users/sahal.mullappilly/miniconda3/envs/omnigen/lib/python3.11/copy.py", line 146, in deepcopy
    y = copier(x, memo)
        ^^^^^^^^^^^^^^^
  File "/l/users/sahal.mullappilly/miniconda3/envs/omnigen/lib/python3.11/copy.py", line 231, in _deepcopy_dict
    y[deepcopy(key, memo)] = deepcopy(value, memo)
                             ^^^^^^^^^^^^^^^^^^^^^
  File "/l/users/sahal.mullappilly/miniconda3/envs/omnigen/lib/python3.11/copy.py", line 172, in deepcopy
    y = _reconstruct(x, memo, *rv)
        ^^^^^^^^^^^^^^^^^^^^^^^^^^
  File "/l/users/sahal.mullappilly/miniconda3/envs/omnigen/lib/python3.11/copy.py", line 265, in _reconstruct
    y = func(*args)
        ^^^^^^^^^^^
  File "/l/users/sahal.mullappilly/miniconda3/envs/omnigen/lib/python3.11/copyreg.py", line 105, in __newobj__
    return cls.__new__(cls, *args)
           ^^^^^^^^^^^^^^^^^^^^^^^
TypeError: Identifier.__new__() missing 1 required keyword-only argument: 'token'
2025-06-27 22:37:44,148 [MainThread  ] [ERROR]  Error occurred during run_batch_jobs.
Traceback (most recent call last):
  File "/home/sahal.mullappilly/mohammad/MedAgentSim/MedPromptSimulate/src/promptbase/mmlu/utils.py", line 93, in run_batch_jobs
    result = future.result()
             ^^^^^^^^^^^^^^^
  File "/l/users/sahal.mullappilly/miniconda3/envs/omnigen/lib/python3.11/concurrent/futures/_base.py", line 449, in result
    return self.__get_result()
           ^^^^^^^^^^^^^^^^^^^
  File "/l/users/sahal.mullappilly/miniconda3/envs/omnigen/lib/python3.11/concurrent/futures/_base.py", line 401, in __get_result
    raise self._exception
  File "/l/users/sahal.mullappilly/miniconda3/envs/omnigen/lib/python3.11/concurrent/futures/thread.py", line 58, in run
    result = self.fn(*self.args, **self.kwargs)
             ^^^^^^^^^^^^^^^^^^^^^^^^^^^^^^^^^^
  File "/home/sahal.mullappilly/mohammad/MedAgentSim/MedPromptSimulate/src/promptbase/mmlu/experiment.py", line 484, in solve
    prompt = options["prompt"].render(
             ~~~~~~~^^^^^^^^^^
KeyError: 'prompt'
2025-06-27 22:37:44,152 [MainThread  ] [ERROR]  Error occurred during run_batch_jobs.
Traceback (most recent call last):
  File "/home/sahal.mullappilly/mohammad/MedAgentSim/MedPromptSimulate/src/promptbase/mmlu/utils.py", line 93, in run_batch_jobs
    result = future.result()
             ^^^^^^^^^^^^^^^
  File "/l/users/sahal.mullappilly/miniconda3/envs/omnigen/lib/python3.11/concurrent/futures/_base.py", line 449, in result
    return self.__get_result()
           ^^^^^^^^^^^^^^^^^^^
  File "/l/users/sahal.mullappilly/miniconda3/envs/omnigen/lib/python3.11/concurrent/futures/_base.py", line 401, in __get_result
    raise self._exception
  File "/l/users/sahal.mullappilly/miniconda3/envs/omnigen/lib/python3.11/concurrent/futures/thread.py", line 58, in run
    result = self.fn(*self.args, **self.kwargs)
             ^^^^^^^^^^^^^^^^^^^^^^^^^^^^^^^^^^
  File "/home/sahal.mullappilly/mohammad/MedAgentSim/MedPromptSimulate/src/promptbase/mmlu/experiment.py", line 484, in solve
    prompt = options["prompt"].render(
             ~~~~~~~^^^^^^^^^^
KeyError: 'prompt'
2025-06-27 22:37:44,153 [MainThread  ] [ERROR]  Error occurred during run_batch_jobs.
Traceback (most recent call last):
  File "/home/sahal.mullappilly/mohammad/MedAgentSim/MedPromptSimulate/src/promptbase/mmlu/utils.py", line 93, in run_batch_jobs
    result = future.result()
             ^^^^^^^^^^^^^^^
  File "/l/users/sahal.mullappilly/miniconda3/envs/omnigen/lib/python3.11/concurrent/futures/_base.py", line 449, in result
    return self.__get_result()
           ^^^^^^^^^^^^^^^^^^^
  File "/l/users/sahal.mullappilly/miniconda3/envs/omnigen/lib/python3.11/concurrent/futures/_base.py", line 401, in __get_result
    raise self._exception
  File "/l/users/sahal.mullappilly/miniconda3/envs/omnigen/lib/python3.11/concurrent/futures/thread.py", line 58, in run
    result = self.fn(*self.args, **self.kwargs)
             ^^^^^^^^^^^^^^^^^^^^^^^^^^^^^^^^^^
  File "/home/sahal.mullappilly/mohammad/MedAgentSim/MedPromptSimulate/src/promptbase/mmlu/experiment.py", line 484, in solve
    prompt = options["prompt"].render(
             ~~~~~~~^^^^^^^^^^
KeyError: 'prompt'
2025-06-27 22:37:44,155 [MainThread  ] [ERROR]  Error occurred during run_batch_jobs.
Traceback (most recent call last):
  File "/home/sahal.mullappilly/mohammad/MedAgentSim/MedPromptSimulate/src/promptbase/mmlu/utils.py", line 93, in run_batch_jobs
    result = future.result()
             ^^^^^^^^^^^^^^^
  File "/l/users/sahal.mullappilly/miniconda3/envs/omnigen/lib/python3.11/concurrent/futures/_base.py", line 449, in result
    return self.__get_result()
           ^^^^^^^^^^^^^^^^^^^
  File "/l/users/sahal.mullappilly/miniconda3/envs/omnigen/lib/python3.11/concurrent/futures/_base.py", line 401, in __get_result
    raise self._exception
  File "/l/users/sahal.mullappilly/miniconda3/envs/omnigen/lib/python3.11/concurrent/futures/thread.py", line 58, in run
    result = self.fn(*self.args, **self.kwargs)
             ^^^^^^^^^^^^^^^^^^^^^^^^^^^^^^^^^^
  File "/home/sahal.mullappilly/mohammad/MedAgentSim/MedPromptSimulate/src/promptbase/mmlu/experiment.py", line 484, in solve
    prompt = options["prompt"].render(
             ~~~~~~~^^^^^^^^^^
KeyError: 'prompt'
2025-06-27 22:37:44,155 [MainThread  ] [ERROR]  Error occurred during run_batch_jobs.
Traceback (most recent call last):
  File "/home/sahal.mullappilly/mohammad/MedAgentSim/MedPromptSimulate/src/promptbase/mmlu/utils.py", line 93, in run_batch_jobs
    result = future.result()
             ^^^^^^^^^^^^^^^
  File "/l/users/sahal.mullappilly/miniconda3/envs/omnigen/lib/python3.11/concurrent/futures/_base.py", line 449, in result
    return self.__get_result()
           ^^^^^^^^^^^^^^^^^^^
  File "/l/users/sahal.mullappilly/miniconda3/envs/omnigen/lib/python3.11/concurrent/futures/_base.py", line 401, in __get_result
    raise self._exception
  File "/l/users/sahal.mullappilly/miniconda3/envs/omnigen/lib/python3.11/concurrent/futures/thread.py", line 58, in run
    result = self.fn(*self.args, **self.kwargs)
             ^^^^^^^^^^^^^^^^^^^^^^^^^^^^^^^^^^
  File "/home/sahal.mullappilly/mohammad/MedAgentSim/MedPromptSimulate/src/promptbase/mmlu/experiment.py", line 484, in solve
    prompt = options["prompt"].render(
             ~~~~~~~^^^^^^^^^^
KeyError: 'prompt'
2025-06-27 22:37:44,157 [MainThread  ] [ERROR]  Error occurred during run_batch_jobs.
Traceback (most recent call last):
  File "/home/sahal.mullappilly/mohammad/MedAgentSim/MedPromptSimulate/src/promptbase/mmlu/utils.py", line 93, in run_batch_jobs
    result = future.result()
             ^^^^^^^^^^^^^^^
  File "/l/users/sahal.mullappilly/miniconda3/envs/omnigen/lib/python3.11/concurrent/futures/_base.py", line 449, in result
    return self.__get_result()
           ^^^^^^^^^^^^^^^^^^^
  File "/l/users/sahal.mullappilly/miniconda3/envs/omnigen/lib/python3.11/concurrent/futures/_base.py", line 401, in __get_result
    raise self._exception
  File "/l/users/sahal.mullappilly/miniconda3/envs/omnigen/lib/python3.11/concurrent/futures/thread.py", line 58, in run
    result = self.fn(*self.args, **self.kwargs)
             ^^^^^^^^^^^^^^^^^^^^^^^^^^^^^^^^^^
  File "/home/sahal.mullappilly/mohammad/MedAgentSim/MedPromptSimulate/src/promptbase/mmlu/experiment.py", line 484, in solve
    prompt = options["prompt"].render(
             ~~~~~~~^^^^^^^^^^
KeyError: 'prompt'
2025-06-27 22:37:44,158 [MainThread  ] [ERROR]  Error occurred during run_batch_jobs.
Traceback (most recent call last):
  File "/home/sahal.mullappilly/mohammad/MedAgentSim/MedPromptSimulate/src/promptbase/mmlu/utils.py", line 93, in run_batch_jobs
    result = future.result()
             ^^^^^^^^^^^^^^^
  File "/l/users/sahal.mullappilly/miniconda3/envs/omnigen/lib/python3.11/concurrent/futures/_base.py", line 449, in result
    return self.__get_result()
           ^^^^^^^^^^^^^^^^^^^
  File "/l/users/sahal.mullappilly/miniconda3/envs/omnigen/lib/python3.11/concurrent/futures/_base.py", line 401, in __get_result
    raise self._exception
  File "/l/users/sahal.mullappilly/miniconda3/envs/omnigen/lib/python3.11/concurrent/futures/thread.py", line 58, in run
    result = self.fn(*self.args, **self.kwargs)
             ^^^^^^^^^^^^^^^^^^^^^^^^^^^^^^^^^^
  File "/home/sahal.mullappilly/mohammad/MedAgentSim/MedPromptSimulate/src/promptbase/mmlu/experiment.py", line 484, in solve
    prompt = options["prompt"].render(
             ~~~~~~~^^^^^^^^^^
KeyError: 'prompt'
2025-06-27 22:37:44,159 [MainThread  ] [ERROR]  Error occurred during run_batch_jobs.
Traceback (most recent call last):
  File "/home/sahal.mullappilly/mohammad/MedAgentSim/MedPromptSimulate/src/promptbase/mmlu/utils.py", line 93, in run_batch_jobs
    result = future.result()
             ^^^^^^^^^^^^^^^
  File "/l/users/sahal.mullappilly/miniconda3/envs/omnigen/lib/python3.11/concurrent/futures/_base.py", line 449, in result
    return self.__get_result()
           ^^^^^^^^^^^^^^^^^^^
  File "/l/users/sahal.mullappilly/miniconda3/envs/omnigen/lib/python3.11/concurrent/futures/_base.py", line 401, in __get_result
    raise self._exception
  File "/l/users/sahal.mullappilly/miniconda3/envs/omnigen/lib/python3.11/concurrent/futures/thread.py", line 58, in run
    result = self.fn(*self.args, **self.kwargs)
             ^^^^^^^^^^^^^^^^^^^^^^^^^^^^^^^^^^
  File "/home/sahal.mullappilly/mohammad/MedAgentSim/MedPromptSimulate/src/promptbase/mmlu/experiment.py", line 484, in solve
    prompt = options["prompt"].render(
             ~~~~~~~^^^^^^^^^^
KeyError: 'prompt'
2025-06-27 22:37:44,160 [MainThread  ] [ERROR]  Error occurred during run_batch_jobs.
Traceback (most recent call last):
  File "/home/sahal.mullappilly/mohammad/MedAgentSim/MedPromptSimulate/src/promptbase/mmlu/utils.py", line 93, in run_batch_jobs
    result = future.result()
             ^^^^^^^^^^^^^^^
  File "/l/users/sahal.mullappilly/miniconda3/envs/omnigen/lib/python3.11/concurrent/futures/_base.py", line 449, in result
    return self.__get_result()
           ^^^^^^^^^^^^^^^^^^^
  File "/l/users/sahal.mullappilly/miniconda3/envs/omnigen/lib/python3.11/concurrent/futures/_base.py", line 401, in __get_result
    raise self._exception
  File "/l/users/sahal.mullappilly/miniconda3/envs/omnigen/lib/python3.11/concurrent/futures/thread.py", line 58, in run
    result = self.fn(*self.args, **self.kwargs)
             ^^^^^^^^^^^^^^^^^^^^^^^^^^^^^^^^^^
  File "/home/sahal.mullappilly/mohammad/MedAgentSim/MedPromptSimulate/src/promptbase/mmlu/experiment.py", line 484, in solve
    prompt = options["prompt"].render(
             ~~~~~~~^^^^^^^^^^
KeyError: 'prompt'
2025-06-27 22:37:44,161 [MainThread  ] [ERROR]  Error occurred during run_batch_jobs.
Traceback (most recent call last):
  File "/home/sahal.mullappilly/mohammad/MedAgentSim/MedPromptSimulate/src/promptbase/mmlu/utils.py", line 93, in run_batch_jobs
    result = future.result()
             ^^^^^^^^^^^^^^^
  File "/l/users/sahal.mullappilly/miniconda3/envs/omnigen/lib/python3.11/concurrent/futures/_base.py", line 449, in result
    return self.__get_result()
           ^^^^^^^^^^^^^^^^^^^
  File "/l/users/sahal.mullappilly/miniconda3/envs/omnigen/lib/python3.11/concurrent/futures/_base.py", line 401, in __get_result
    raise self._exception
  File "/l/users/sahal.mullappilly/miniconda3/envs/omnigen/lib/python3.11/concurrent/futures/thread.py", line 58, in run
    result = self.fn(*self.args, **self.kwargs)
             ^^^^^^^^^^^^^^^^^^^^^^^^^^^^^^^^^^
  File "/home/sahal.mullappilly/mohammad/MedAgentSim/MedPromptSimulate/src/promptbase/mmlu/experiment.py", line 484, in solve
    prompt = options["prompt"].render(
             ~~~~~~~^^^^^^^^^^
KeyError: 'prompt'
2025-06-27 22:37:44,161 [MainThread  ] [ERROR]  An error occurred during the simulation.
Traceback (most recent call last):
  File "/home/sahal.mullappilly/mohammad/MedAgentSim/medsim/run.py", line 217, in prep
    is_correct = run_simulation_idx(
                 ^^^^^^^^^^^^^^^^^^^
  File "/home/sahal.mullappilly/mohammad/MedAgentSim/medsim/run.py", line 424, in run_simulation_idx
    is_correct = run_interaction_loop(
                 ^^^^^^^^^^^^^^^^^^^^^
  File "/home/sahal.mullappilly/mohammad/MedAgentSim/medsim/run.py", line 494, in run_interaction_loop
    doctor_dialogue = doctor_agent.inference_doctor(
                      ^^^^^^^^^^^^^^^^^^^^^^^^^^^^^^
  File "/l/users/sahal.mullappilly/miniconda3/envs/omnigen/lib/python3.11/site-packages/medsim/agents.py", line 352, in inference_doctor
    return self.internal_discussion(patient_response, image_requested, scenario_id)
           ^^^^^^^^^^^^^^^^^^^^^^^^^^^^^^^^^^^^^^^^^^^^^^^^^^^^^^^^^^^^^^^^^^^^^^^^
  File "/l/users/sahal.mullappilly/miniconda3/envs/omnigen/lib/python3.11/site-packages/medsim/agents.py", line 409, in internal_discussion
    diagnosis_pred = get_diagnosis(self.backend, scenario_id)
                     ^^^^^^^^^^^^^^^^^^^^^^^^^^^^^^^^^^^^^^^^
  File "/home/sahal.mullappilly/mohammad/MedAgentSim/medsim/query_model.py", line 498, in get_diagnosis
    result_json = get_result_json()
                  ^^^^^^^^^^^^^^^^^
  File "/home/sahal.mullappilly/mohammad/MedAgentSim/medsim/query_model.py", line 486, in get_result_json
    raise FileNotFoundError(f"File not found: {json_gz_path}")
FileNotFoundError: File not found: /home/sahal.mullappilly/mohammad/MedAgentSim/MedPromptSimulate/src/promptbase/generations/expt/train/cot/result.json.gz
2025-06-27 23:08:49,389 [MainThread  ] [ERROR]  Error occurred during run_batch_jobs.
Traceback (most recent call last):
  File "/home/sahal.mullappilly/mohammad/MedAgentSim/MedPromptSimulate/src/promptbase/mmlu/utils.py", line 93, in run_batch_jobs
    result = future.result()
             ^^^^^^^^^^^^^^^
  File "/l/users/sahal.mullappilly/miniconda3/envs/omnigen/lib/python3.11/concurrent/futures/_base.py", line 449, in result
    return self.__get_result()
           ^^^^^^^^^^^^^^^^^^^
  File "/l/users/sahal.mullappilly/miniconda3/envs/omnigen/lib/python3.11/concurrent/futures/_base.py", line 401, in __get_result
    raise self._exception
  File "/l/users/sahal.mullappilly/miniconda3/envs/omnigen/lib/python3.11/concurrent/futures/thread.py", line 58, in run
    result = self.fn(*self.args, **self.kwargs)
             ^^^^^^^^^^^^^^^^^^^^^^^^^^^^^^^^^^
  File "/home/sahal.mullappilly/mohammad/MedAgentSim/MedPromptSimulate/src/promptbase/mmlu/experiment.py", line 484, in solve
    prompt = options["prompt"].render(
             ~~~~~~~^^^^^^^^^^
KeyError: 'prompt'
2025-06-27 23:08:49,391 [MainThread  ] [ERROR]  Error occurred during run_batch_jobs.
Traceback (most recent call last):
  File "/home/sahal.mullappilly/mohammad/MedAgentSim/MedPromptSimulate/src/promptbase/mmlu/utils.py", line 93, in run_batch_jobs
    result = future.result()
             ^^^^^^^^^^^^^^^
  File "/l/users/sahal.mullappilly/miniconda3/envs/omnigen/lib/python3.11/concurrent/futures/_base.py", line 449, in result
    return self.__get_result()
           ^^^^^^^^^^^^^^^^^^^
  File "/l/users/sahal.mullappilly/miniconda3/envs/omnigen/lib/python3.11/concurrent/futures/_base.py", line 401, in __get_result
    raise self._exception
  File "/l/users/sahal.mullappilly/miniconda3/envs/omnigen/lib/python3.11/concurrent/futures/thread.py", line 58, in run
    result = self.fn(*self.args, **self.kwargs)
             ^^^^^^^^^^^^^^^^^^^^^^^^^^^^^^^^^^
  File "/home/sahal.mullappilly/mohammad/MedAgentSim/MedPromptSimulate/src/promptbase/mmlu/experiment.py", line 484, in solve
    prompt = options["prompt"].render(
             ~~~~~~~^^^^^^^^^^
KeyError: 'prompt'
2025-06-27 23:08:49,392 [MainThread  ] [ERROR]  Error occurred during run_batch_jobs.
Traceback (most recent call last):
  File "/home/sahal.mullappilly/mohammad/MedAgentSim/MedPromptSimulate/src/promptbase/mmlu/utils.py", line 93, in run_batch_jobs
    result = future.result()
             ^^^^^^^^^^^^^^^
  File "/l/users/sahal.mullappilly/miniconda3/envs/omnigen/lib/python3.11/concurrent/futures/_base.py", line 449, in result
    return self.__get_result()
           ^^^^^^^^^^^^^^^^^^^
  File "/l/users/sahal.mullappilly/miniconda3/envs/omnigen/lib/python3.11/concurrent/futures/_base.py", line 401, in __get_result
    raise self._exception
  File "/l/users/sahal.mullappilly/miniconda3/envs/omnigen/lib/python3.11/concurrent/futures/thread.py", line 58, in run
    result = self.fn(*self.args, **self.kwargs)
             ^^^^^^^^^^^^^^^^^^^^^^^^^^^^^^^^^^
  File "/home/sahal.mullappilly/mohammad/MedAgentSim/MedPromptSimulate/src/promptbase/mmlu/experiment.py", line 484, in solve
    prompt = options["prompt"].render(
             ~~~~~~~^^^^^^^^^^
KeyError: 'prompt'
2025-06-27 23:08:49,393 [MainThread  ] [ERROR]  Error occurred during run_batch_jobs.
Traceback (most recent call last):
  File "/home/sahal.mullappilly/mohammad/MedAgentSim/MedPromptSimulate/src/promptbase/mmlu/utils.py", line 93, in run_batch_jobs
    result = future.result()
             ^^^^^^^^^^^^^^^
  File "/l/users/sahal.mullappilly/miniconda3/envs/omnigen/lib/python3.11/concurrent/futures/_base.py", line 449, in result
    return self.__get_result()
           ^^^^^^^^^^^^^^^^^^^
  File "/l/users/sahal.mullappilly/miniconda3/envs/omnigen/lib/python3.11/concurrent/futures/_base.py", line 401, in __get_result
    raise self._exception
  File "/l/users/sahal.mullappilly/miniconda3/envs/omnigen/lib/python3.11/concurrent/futures/thread.py", line 58, in run
    result = self.fn(*self.args, **self.kwargs)
             ^^^^^^^^^^^^^^^^^^^^^^^^^^^^^^^^^^
  File "/home/sahal.mullappilly/mohammad/MedAgentSim/MedPromptSimulate/src/promptbase/mmlu/experiment.py", line 484, in solve
    prompt = options["prompt"].render(
             ~~~~~~~^^^^^^^^^^
KeyError: 'prompt'
2025-06-27 23:08:49,394 [MainThread  ] [ERROR]  Error occurred during run_batch_jobs.
Traceback (most recent call last):
  File "/home/sahal.mullappilly/mohammad/MedAgentSim/MedPromptSimulate/src/promptbase/mmlu/utils.py", line 93, in run_batch_jobs
    result = future.result()
             ^^^^^^^^^^^^^^^
  File "/l/users/sahal.mullappilly/miniconda3/envs/omnigen/lib/python3.11/concurrent/futures/_base.py", line 449, in result
    return self.__get_result()
           ^^^^^^^^^^^^^^^^^^^
  File "/l/users/sahal.mullappilly/miniconda3/envs/omnigen/lib/python3.11/concurrent/futures/_base.py", line 401, in __get_result
    raise self._exception
  File "/l/users/sahal.mullappilly/miniconda3/envs/omnigen/lib/python3.11/concurrent/futures/thread.py", line 58, in run
    result = self.fn(*self.args, **self.kwargs)
             ^^^^^^^^^^^^^^^^^^^^^^^^^^^^^^^^^^
  File "/home/sahal.mullappilly/mohammad/MedAgentSim/MedPromptSimulate/src/promptbase/mmlu/experiment.py", line 484, in solve
    prompt = options["prompt"].render(
             ~~~~~~~^^^^^^^^^^
KeyError: 'prompt'
2025-06-27 23:08:49,396 [MainThread  ] [ERROR]  Error occurred during run_batch_jobs.
Traceback (most recent call last):
  File "/home/sahal.mullappilly/mohammad/MedAgentSim/MedPromptSimulate/src/promptbase/mmlu/utils.py", line 93, in run_batch_jobs
    result = future.result()
             ^^^^^^^^^^^^^^^
  File "/l/users/sahal.mullappilly/miniconda3/envs/omnigen/lib/python3.11/concurrent/futures/_base.py", line 449, in result
    return self.__get_result()
           ^^^^^^^^^^^^^^^^^^^
  File "/l/users/sahal.mullappilly/miniconda3/envs/omnigen/lib/python3.11/concurrent/futures/_base.py", line 401, in __get_result
    raise self._exception
  File "/l/users/sahal.mullappilly/miniconda3/envs/omnigen/lib/python3.11/concurrent/futures/thread.py", line 58, in run
    result = self.fn(*self.args, **self.kwargs)
             ^^^^^^^^^^^^^^^^^^^^^^^^^^^^^^^^^^
  File "/home/sahal.mullappilly/mohammad/MedAgentSim/MedPromptSimulate/src/promptbase/mmlu/experiment.py", line 484, in solve
    prompt = options["prompt"].render(
             ~~~~~~~^^^^^^^^^^
KeyError: 'prompt'
2025-06-27 23:08:49,397 [MainThread  ] [ERROR]  Error occurred during run_batch_jobs.
Traceback (most recent call last):
  File "/home/sahal.mullappilly/mohammad/MedAgentSim/MedPromptSimulate/src/promptbase/mmlu/utils.py", line 93, in run_batch_jobs
    result = future.result()
             ^^^^^^^^^^^^^^^
  File "/l/users/sahal.mullappilly/miniconda3/envs/omnigen/lib/python3.11/concurrent/futures/_base.py", line 449, in result
    return self.__get_result()
           ^^^^^^^^^^^^^^^^^^^
  File "/l/users/sahal.mullappilly/miniconda3/envs/omnigen/lib/python3.11/concurrent/futures/_base.py", line 401, in __get_result
    raise self._exception
  File "/l/users/sahal.mullappilly/miniconda3/envs/omnigen/lib/python3.11/concurrent/futures/thread.py", line 58, in run
    result = self.fn(*self.args, **self.kwargs)
             ^^^^^^^^^^^^^^^^^^^^^^^^^^^^^^^^^^
  File "/home/sahal.mullappilly/mohammad/MedAgentSim/MedPromptSimulate/src/promptbase/mmlu/experiment.py", line 484, in solve
    prompt = options["prompt"].render(
             ~~~~~~~^^^^^^^^^^
KeyError: 'prompt'
2025-06-27 23:08:49,398 [MainThread  ] [ERROR]  Error occurred during run_batch_jobs.
Traceback (most recent call last):
  File "/home/sahal.mullappilly/mohammad/MedAgentSim/MedPromptSimulate/src/promptbase/mmlu/utils.py", line 93, in run_batch_jobs
    result = future.result()
             ^^^^^^^^^^^^^^^
  File "/l/users/sahal.mullappilly/miniconda3/envs/omnigen/lib/python3.11/concurrent/futures/_base.py", line 449, in result
    return self.__get_result()
           ^^^^^^^^^^^^^^^^^^^
  File "/l/users/sahal.mullappilly/miniconda3/envs/omnigen/lib/python3.11/concurrent/futures/_base.py", line 401, in __get_result
    raise self._exception
  File "/l/users/sahal.mullappilly/miniconda3/envs/omnigen/lib/python3.11/concurrent/futures/thread.py", line 58, in run
    result = self.fn(*self.args, **self.kwargs)
             ^^^^^^^^^^^^^^^^^^^^^^^^^^^^^^^^^^
  File "/home/sahal.mullappilly/mohammad/MedAgentSim/MedPromptSimulate/src/promptbase/mmlu/experiment.py", line 484, in solve
    prompt = options["prompt"].render(
             ~~~~~~~^^^^^^^^^^
KeyError: 'prompt'
2025-06-27 23:08:49,399 [MainThread  ] [ERROR]  Error occurred during run_batch_jobs.
Traceback (most recent call last):
  File "/home/sahal.mullappilly/mohammad/MedAgentSim/MedPromptSimulate/src/promptbase/mmlu/utils.py", line 93, in run_batch_jobs
    result = future.result()
             ^^^^^^^^^^^^^^^
  File "/l/users/sahal.mullappilly/miniconda3/envs/omnigen/lib/python3.11/concurrent/futures/_base.py", line 449, in result
    return self.__get_result()
           ^^^^^^^^^^^^^^^^^^^
  File "/l/users/sahal.mullappilly/miniconda3/envs/omnigen/lib/python3.11/concurrent/futures/_base.py", line 401, in __get_result
    raise self._exception
  File "/l/users/sahal.mullappilly/miniconda3/envs/omnigen/lib/python3.11/concurrent/futures/thread.py", line 58, in run
    result = self.fn(*self.args, **self.kwargs)
             ^^^^^^^^^^^^^^^^^^^^^^^^^^^^^^^^^^
  File "/home/sahal.mullappilly/mohammad/MedAgentSim/MedPromptSimulate/src/promptbase/mmlu/experiment.py", line 484, in solve
    prompt = options["prompt"].render(
             ~~~~~~~^^^^^^^^^^
KeyError: 'prompt'
2025-06-27 23:08:49,400 [MainThread  ] [ERROR]  Error occurred during run_batch_jobs.
Traceback (most recent call last):
  File "/home/sahal.mullappilly/mohammad/MedAgentSim/MedPromptSimulate/src/promptbase/mmlu/utils.py", line 93, in run_batch_jobs
    result = future.result()
             ^^^^^^^^^^^^^^^
  File "/l/users/sahal.mullappilly/miniconda3/envs/omnigen/lib/python3.11/concurrent/futures/_base.py", line 449, in result
    return self.__get_result()
           ^^^^^^^^^^^^^^^^^^^
  File "/l/users/sahal.mullappilly/miniconda3/envs/omnigen/lib/python3.11/concurrent/futures/_base.py", line 401, in __get_result
    raise self._exception
  File "/l/users/sahal.mullappilly/miniconda3/envs/omnigen/lib/python3.11/concurrent/futures/thread.py", line 58, in run
    result = self.fn(*self.args, **self.kwargs)
             ^^^^^^^^^^^^^^^^^^^^^^^^^^^^^^^^^^
  File "/home/sahal.mullappilly/mohammad/MedAgentSim/MedPromptSimulate/src/promptbase/mmlu/experiment.py", line 484, in solve
    prompt = options["prompt"].render(
             ~~~~~~~^^^^^^^^^^
KeyError: 'prompt'
2025-06-28 00:21:53,722 [MainThread  ] [ERROR]  Error occurred during run_batch_jobs.
Traceback (most recent call last):
  File "/home/sahal.mullappilly/mohammad/MedAgentSim/MedPromptSimulate/src/promptbase/mmlu/utils.py", line 93, in run_batch_jobs
    result = future.result()
             ^^^^^^^^^^^^^^^
  File "/l/users/sahal.mullappilly/miniconda3/envs/omnigen/lib/python3.11/concurrent/futures/_base.py", line 449, in result
    return self.__get_result()
           ^^^^^^^^^^^^^^^^^^^
  File "/l/users/sahal.mullappilly/miniconda3/envs/omnigen/lib/python3.11/concurrent/futures/_base.py", line 401, in __get_result
    raise self._exception
  File "/l/users/sahal.mullappilly/miniconda3/envs/omnigen/lib/python3.11/concurrent/futures/thread.py", line 58, in run
    result = self.fn(*self.args, **self.kwargs)
             ^^^^^^^^^^^^^^^^^^^^^^^^^^^^^^^^^^
  File "/home/sahal.mullappilly/mohammad/MedAgentSim/MedPromptSimulate/src/promptbase/mmlu/experiment.py", line 503, in solve
    response = {"response": None, "text": backend.query_model(prompt, sys_prompt), "success": True}
                                          ^^^^^^^^^^^^^^^^^^^
AttributeError: 'str' object has no attribute 'query_model'
2025-06-28 00:21:53,725 [MainThread  ] [ERROR]  Error occurred during run_batch_jobs.
Traceback (most recent call last):
  File "/home/sahal.mullappilly/mohammad/MedAgentSim/MedPromptSimulate/src/promptbase/mmlu/utils.py", line 93, in run_batch_jobs
    result = future.result()
             ^^^^^^^^^^^^^^^
  File "/l/users/sahal.mullappilly/miniconda3/envs/omnigen/lib/python3.11/concurrent/futures/_base.py", line 449, in result
    return self.__get_result()
           ^^^^^^^^^^^^^^^^^^^
  File "/l/users/sahal.mullappilly/miniconda3/envs/omnigen/lib/python3.11/concurrent/futures/_base.py", line 401, in __get_result
    raise self._exception
  File "/l/users/sahal.mullappilly/miniconda3/envs/omnigen/lib/python3.11/concurrent/futures/thread.py", line 58, in run
    result = self.fn(*self.args, **self.kwargs)
             ^^^^^^^^^^^^^^^^^^^^^^^^^^^^^^^^^^
  File "/home/sahal.mullappilly/mohammad/MedAgentSim/MedPromptSimulate/src/promptbase/mmlu/experiment.py", line 503, in solve
    response = {"response": None, "text": backend.query_model(prompt, sys_prompt), "success": True}
                                          ^^^^^^^^^^^^^^^^^^^
AttributeError: 'str' object has no attribute 'query_model'
2025-06-28 00:21:53,726 [MainThread  ] [ERROR]  Error occurred during run_batch_jobs.
Traceback (most recent call last):
  File "/home/sahal.mullappilly/mohammad/MedAgentSim/MedPromptSimulate/src/promptbase/mmlu/utils.py", line 93, in run_batch_jobs
    result = future.result()
             ^^^^^^^^^^^^^^^
  File "/l/users/sahal.mullappilly/miniconda3/envs/omnigen/lib/python3.11/concurrent/futures/_base.py", line 449, in result
    return self.__get_result()
           ^^^^^^^^^^^^^^^^^^^
  File "/l/users/sahal.mullappilly/miniconda3/envs/omnigen/lib/python3.11/concurrent/futures/_base.py", line 401, in __get_result
    raise self._exception
  File "/l/users/sahal.mullappilly/miniconda3/envs/omnigen/lib/python3.11/concurrent/futures/thread.py", line 58, in run
    result = self.fn(*self.args, **self.kwargs)
             ^^^^^^^^^^^^^^^^^^^^^^^^^^^^^^^^^^
  File "/home/sahal.mullappilly/mohammad/MedAgentSim/MedPromptSimulate/src/promptbase/mmlu/experiment.py", line 503, in solve
    response = {"response": None, "text": backend.query_model(prompt, sys_prompt), "success": True}
                                          ^^^^^^^^^^^^^^^^^^^
AttributeError: 'str' object has no attribute 'query_model'
2025-06-28 00:21:53,728 [MainThread  ] [ERROR]  Error occurred during run_batch_jobs.
Traceback (most recent call last):
  File "/home/sahal.mullappilly/mohammad/MedAgentSim/MedPromptSimulate/src/promptbase/mmlu/utils.py", line 93, in run_batch_jobs
    result = future.result()
             ^^^^^^^^^^^^^^^
  File "/l/users/sahal.mullappilly/miniconda3/envs/omnigen/lib/python3.11/concurrent/futures/_base.py", line 449, in result
    return self.__get_result()
           ^^^^^^^^^^^^^^^^^^^
  File "/l/users/sahal.mullappilly/miniconda3/envs/omnigen/lib/python3.11/concurrent/futures/_base.py", line 401, in __get_result
    raise self._exception
  File "/l/users/sahal.mullappilly/miniconda3/envs/omnigen/lib/python3.11/concurrent/futures/thread.py", line 58, in run
    result = self.fn(*self.args, **self.kwargs)
             ^^^^^^^^^^^^^^^^^^^^^^^^^^^^^^^^^^
  File "/home/sahal.mullappilly/mohammad/MedAgentSim/MedPromptSimulate/src/promptbase/mmlu/experiment.py", line 503, in solve
    response = {"response": None, "text": backend.query_model(prompt, sys_prompt), "success": True}
                                          ^^^^^^^^^^^^^^^^^^^
AttributeError: 'str' object has no attribute 'query_model'
2025-06-28 00:21:53,729 [MainThread  ] [ERROR]  Error occurred during run_batch_jobs.
Traceback (most recent call last):
  File "/home/sahal.mullappilly/mohammad/MedAgentSim/MedPromptSimulate/src/promptbase/mmlu/utils.py", line 93, in run_batch_jobs
    result = future.result()
             ^^^^^^^^^^^^^^^
  File "/l/users/sahal.mullappilly/miniconda3/envs/omnigen/lib/python3.11/concurrent/futures/_base.py", line 449, in result
    return self.__get_result()
           ^^^^^^^^^^^^^^^^^^^
  File "/l/users/sahal.mullappilly/miniconda3/envs/omnigen/lib/python3.11/concurrent/futures/_base.py", line 401, in __get_result
    raise self._exception
  File "/l/users/sahal.mullappilly/miniconda3/envs/omnigen/lib/python3.11/concurrent/futures/thread.py", line 58, in run
    result = self.fn(*self.args, **self.kwargs)
             ^^^^^^^^^^^^^^^^^^^^^^^^^^^^^^^^^^
  File "/home/sahal.mullappilly/mohammad/MedAgentSim/MedPromptSimulate/src/promptbase/mmlu/experiment.py", line 503, in solve
    response = {"response": None, "text": backend.query_model(prompt, sys_prompt), "success": True}
                                          ^^^^^^^^^^^^^^^^^^^
AttributeError: 'str' object has no attribute 'query_model'
2025-06-28 00:21:53,730 [MainThread  ] [ERROR]  Error occurred during run_batch_jobs.
Traceback (most recent call last):
  File "/home/sahal.mullappilly/mohammad/MedAgentSim/MedPromptSimulate/src/promptbase/mmlu/utils.py", line 93, in run_batch_jobs
    result = future.result()
             ^^^^^^^^^^^^^^^
  File "/l/users/sahal.mullappilly/miniconda3/envs/omnigen/lib/python3.11/concurrent/futures/_base.py", line 449, in result
    return self.__get_result()
           ^^^^^^^^^^^^^^^^^^^
  File "/l/users/sahal.mullappilly/miniconda3/envs/omnigen/lib/python3.11/concurrent/futures/_base.py", line 401, in __get_result
    raise self._exception
  File "/l/users/sahal.mullappilly/miniconda3/envs/omnigen/lib/python3.11/concurrent/futures/thread.py", line 58, in run
    result = self.fn(*self.args, **self.kwargs)
             ^^^^^^^^^^^^^^^^^^^^^^^^^^^^^^^^^^
  File "/home/sahal.mullappilly/mohammad/MedAgentSim/MedPromptSimulate/src/promptbase/mmlu/experiment.py", line 503, in solve
    response = {"response": None, "text": backend.query_model(prompt, sys_prompt), "success": True}
                                          ^^^^^^^^^^^^^^^^^^^
AttributeError: 'str' object has no attribute 'query_model'
2025-06-28 00:21:53,732 [MainThread  ] [ERROR]  Error occurred during run_batch_jobs.
Traceback (most recent call last):
  File "/home/sahal.mullappilly/mohammad/MedAgentSim/MedPromptSimulate/src/promptbase/mmlu/utils.py", line 93, in run_batch_jobs
    result = future.result()
             ^^^^^^^^^^^^^^^
  File "/l/users/sahal.mullappilly/miniconda3/envs/omnigen/lib/python3.11/concurrent/futures/_base.py", line 449, in result
    return self.__get_result()
           ^^^^^^^^^^^^^^^^^^^
  File "/l/users/sahal.mullappilly/miniconda3/envs/omnigen/lib/python3.11/concurrent/futures/_base.py", line 401, in __get_result
    raise self._exception
  File "/l/users/sahal.mullappilly/miniconda3/envs/omnigen/lib/python3.11/concurrent/futures/thread.py", line 58, in run
    result = self.fn(*self.args, **self.kwargs)
             ^^^^^^^^^^^^^^^^^^^^^^^^^^^^^^^^^^
  File "/home/sahal.mullappilly/mohammad/MedAgentSim/MedPromptSimulate/src/promptbase/mmlu/experiment.py", line 503, in solve
    response = {"response": None, "text": backend.query_model(prompt, sys_prompt), "success": True}
                                          ^^^^^^^^^^^^^^^^^^^
AttributeError: 'str' object has no attribute 'query_model'
2025-06-28 00:21:53,733 [MainThread  ] [ERROR]  Error occurred during run_batch_jobs.
Traceback (most recent call last):
  File "/home/sahal.mullappilly/mohammad/MedAgentSim/MedPromptSimulate/src/promptbase/mmlu/utils.py", line 93, in run_batch_jobs
    result = future.result()
             ^^^^^^^^^^^^^^^
  File "/l/users/sahal.mullappilly/miniconda3/envs/omnigen/lib/python3.11/concurrent/futures/_base.py", line 449, in result
    return self.__get_result()
           ^^^^^^^^^^^^^^^^^^^
  File "/l/users/sahal.mullappilly/miniconda3/envs/omnigen/lib/python3.11/concurrent/futures/_base.py", line 401, in __get_result
    raise self._exception
  File "/l/users/sahal.mullappilly/miniconda3/envs/omnigen/lib/python3.11/concurrent/futures/thread.py", line 58, in run
    result = self.fn(*self.args, **self.kwargs)
             ^^^^^^^^^^^^^^^^^^^^^^^^^^^^^^^^^^
  File "/home/sahal.mullappilly/mohammad/MedAgentSim/MedPromptSimulate/src/promptbase/mmlu/experiment.py", line 503, in solve
    response = {"response": None, "text": backend.query_model(prompt, sys_prompt), "success": True}
                                          ^^^^^^^^^^^^^^^^^^^
AttributeError: 'str' object has no attribute 'query_model'
2025-06-28 00:21:53,735 [MainThread  ] [ERROR]  Error occurred during run_batch_jobs.
Traceback (most recent call last):
  File "/home/sahal.mullappilly/mohammad/MedAgentSim/MedPromptSimulate/src/promptbase/mmlu/utils.py", line 93, in run_batch_jobs
    result = future.result()
             ^^^^^^^^^^^^^^^
  File "/l/users/sahal.mullappilly/miniconda3/envs/omnigen/lib/python3.11/concurrent/futures/_base.py", line 449, in result
    return self.__get_result()
           ^^^^^^^^^^^^^^^^^^^
  File "/l/users/sahal.mullappilly/miniconda3/envs/omnigen/lib/python3.11/concurrent/futures/_base.py", line 401, in __get_result
    raise self._exception
  File "/l/users/sahal.mullappilly/miniconda3/envs/omnigen/lib/python3.11/concurrent/futures/thread.py", line 58, in run
    result = self.fn(*self.args, **self.kwargs)
             ^^^^^^^^^^^^^^^^^^^^^^^^^^^^^^^^^^
  File "/home/sahal.mullappilly/mohammad/MedAgentSim/MedPromptSimulate/src/promptbase/mmlu/experiment.py", line 503, in solve
    response = {"response": None, "text": backend.query_model(prompt, sys_prompt), "success": True}
                                          ^^^^^^^^^^^^^^^^^^^
AttributeError: 'str' object has no attribute 'query_model'
2025-06-28 00:21:53,736 [MainThread  ] [ERROR]  Error occurred during run_batch_jobs.
Traceback (most recent call last):
  File "/home/sahal.mullappilly/mohammad/MedAgentSim/MedPromptSimulate/src/promptbase/mmlu/utils.py", line 93, in run_batch_jobs
    result = future.result()
             ^^^^^^^^^^^^^^^
  File "/l/users/sahal.mullappilly/miniconda3/envs/omnigen/lib/python3.11/concurrent/futures/_base.py", line 449, in result
    return self.__get_result()
           ^^^^^^^^^^^^^^^^^^^
  File "/l/users/sahal.mullappilly/miniconda3/envs/omnigen/lib/python3.11/concurrent/futures/_base.py", line 401, in __get_result
    raise self._exception
  File "/l/users/sahal.mullappilly/miniconda3/envs/omnigen/lib/python3.11/concurrent/futures/thread.py", line 58, in run
    result = self.fn(*self.args, **self.kwargs)
             ^^^^^^^^^^^^^^^^^^^^^^^^^^^^^^^^^^
  File "/home/sahal.mullappilly/mohammad/MedAgentSim/MedPromptSimulate/src/promptbase/mmlu/experiment.py", line 503, in solve
    response = {"response": None, "text": backend.query_model(prompt, sys_prompt), "success": True}
                                          ^^^^^^^^^^^^^^^^^^^
AttributeError: 'str' object has no attribute 'query_model'
2025-06-28 00:22:22,005 [MainThread  ] [ERROR]  An error occurred during the simulation.
Traceback (most recent call last):
  File "/home/sahal.mullappilly/mohammad/MedAgentSim/medsim/run.py", line 217, in prep
    is_correct = run_simulation_idx(
                 ^^^^^^^^^^^^^^^^^^^
  File "/home/sahal.mullappilly/mohammad/MedAgentSim/medsim/run.py", line 424, in run_simulation_idx
    is_correct = run_interaction_loop(
                 ^^^^^^^^^^^^^^^^^^^^^
  File "/home/sahal.mullappilly/mohammad/MedAgentSim/medsim/run.py", line 508, in run_interaction_loop
    result = compare_results(
             ^^^^^^^^^^^^^^^^
  File "/l/users/sahal.mullappilly/miniconda3/envs/omnigen/lib/python3.11/site-packages/medsim/agents.py", line 600, in compare_results
    raise Exception("Failed to compare results after multiple attempts.")
Exception: Failed to compare results after multiple attempts.
2025-06-28 01:05:56,304 [MainThread  ] [ERROR]  Error occurred during run_batch_jobs.
Traceback (most recent call last):
  File "/home/sahal.mullappilly/mohammad/MedAgentSim/MedPromptSimulate/src/promptbase/mmlu/utils.py", line 93, in run_batch_jobs
    result = future.result()
             ^^^^^^^^^^^^^^^
  File "/l/users/sahal.mullappilly/miniconda3/envs/omnigen/lib/python3.11/concurrent/futures/_base.py", line 449, in result
    return self.__get_result()
           ^^^^^^^^^^^^^^^^^^^
  File "/l/users/sahal.mullappilly/miniconda3/envs/omnigen/lib/python3.11/concurrent/futures/_base.py", line 401, in __get_result
    raise self._exception
  File "/l/users/sahal.mullappilly/miniconda3/envs/omnigen/lib/python3.11/concurrent/futures/thread.py", line 58, in run
    result = self.fn(*self.args, **self.kwargs)
             ^^^^^^^^^^^^^^^^^^^^^^^^^^^^^^^^^^
  File "/home/sahal.mullappilly/mohammad/MedAgentSim/MedPromptSimulate/src/promptbase/mmlu/experiment.py", line 503, in solve
    response = {"response": None, "text": backend.query_model(prompt, sys_prompt), "success": True}
                                          ^^^^^^^^^^^^^^^^^^^
AttributeError: 'str' object has no attribute 'query_model'
2025-06-28 01:05:56,308 [MainThread  ] [ERROR]  Error occurred during run_batch_jobs.
Traceback (most recent call last):
  File "/home/sahal.mullappilly/mohammad/MedAgentSim/MedPromptSimulate/src/promptbase/mmlu/utils.py", line 93, in run_batch_jobs
    result = future.result()
             ^^^^^^^^^^^^^^^
  File "/l/users/sahal.mullappilly/miniconda3/envs/omnigen/lib/python3.11/concurrent/futures/_base.py", line 449, in result
    return self.__get_result()
           ^^^^^^^^^^^^^^^^^^^
  File "/l/users/sahal.mullappilly/miniconda3/envs/omnigen/lib/python3.11/concurrent/futures/_base.py", line 401, in __get_result
    raise self._exception
  File "/l/users/sahal.mullappilly/miniconda3/envs/omnigen/lib/python3.11/concurrent/futures/thread.py", line 58, in run
    result = self.fn(*self.args, **self.kwargs)
             ^^^^^^^^^^^^^^^^^^^^^^^^^^^^^^^^^^
  File "/home/sahal.mullappilly/mohammad/MedAgentSim/MedPromptSimulate/src/promptbase/mmlu/experiment.py", line 503, in solve
    response = {"response": None, "text": backend.query_model(prompt, sys_prompt), "success": True}
                                          ^^^^^^^^^^^^^^^^^^^
AttributeError: 'str' object has no attribute 'query_model'
2025-06-28 01:05:56,309 [MainThread  ] [ERROR]  Error occurred during run_batch_jobs.
Traceback (most recent call last):
  File "/home/sahal.mullappilly/mohammad/MedAgentSim/MedPromptSimulate/src/promptbase/mmlu/utils.py", line 93, in run_batch_jobs
    result = future.result()
             ^^^^^^^^^^^^^^^
  File "/l/users/sahal.mullappilly/miniconda3/envs/omnigen/lib/python3.11/concurrent/futures/_base.py", line 449, in result
    return self.__get_result()
           ^^^^^^^^^^^^^^^^^^^
  File "/l/users/sahal.mullappilly/miniconda3/envs/omnigen/lib/python3.11/concurrent/futures/_base.py", line 401, in __get_result
    raise self._exception
  File "/l/users/sahal.mullappilly/miniconda3/envs/omnigen/lib/python3.11/concurrent/futures/thread.py", line 58, in run
    result = self.fn(*self.args, **self.kwargs)
             ^^^^^^^^^^^^^^^^^^^^^^^^^^^^^^^^^^
  File "/home/sahal.mullappilly/mohammad/MedAgentSim/MedPromptSimulate/src/promptbase/mmlu/experiment.py", line 503, in solve
    response = {"response": None, "text": backend.query_model(prompt, sys_prompt), "success": True}
                                          ^^^^^^^^^^^^^^^^^^^
AttributeError: 'str' object has no attribute 'query_model'
2025-06-28 01:05:56,310 [MainThread  ] [ERROR]  Error occurred during run_batch_jobs.
Traceback (most recent call last):
  File "/home/sahal.mullappilly/mohammad/MedAgentSim/MedPromptSimulate/src/promptbase/mmlu/utils.py", line 93, in run_batch_jobs
    result = future.result()
             ^^^^^^^^^^^^^^^
  File "/l/users/sahal.mullappilly/miniconda3/envs/omnigen/lib/python3.11/concurrent/futures/_base.py", line 449, in result
    return self.__get_result()
           ^^^^^^^^^^^^^^^^^^^
  File "/l/users/sahal.mullappilly/miniconda3/envs/omnigen/lib/python3.11/concurrent/futures/_base.py", line 401, in __get_result
    raise self._exception
  File "/l/users/sahal.mullappilly/miniconda3/envs/omnigen/lib/python3.11/concurrent/futures/thread.py", line 58, in run
    result = self.fn(*self.args, **self.kwargs)
             ^^^^^^^^^^^^^^^^^^^^^^^^^^^^^^^^^^
  File "/home/sahal.mullappilly/mohammad/MedAgentSim/MedPromptSimulate/src/promptbase/mmlu/experiment.py", line 503, in solve
    response = {"response": None, "text": backend.query_model(prompt, sys_prompt), "success": True}
                                          ^^^^^^^^^^^^^^^^^^^
AttributeError: 'str' object has no attribute 'query_model'
2025-06-28 01:05:56,311 [MainThread  ] [ERROR]  Error occurred during run_batch_jobs.
Traceback (most recent call last):
  File "/home/sahal.mullappilly/mohammad/MedAgentSim/MedPromptSimulate/src/promptbase/mmlu/utils.py", line 93, in run_batch_jobs
    result = future.result()
             ^^^^^^^^^^^^^^^
  File "/l/users/sahal.mullappilly/miniconda3/envs/omnigen/lib/python3.11/concurrent/futures/_base.py", line 449, in result
    return self.__get_result()
           ^^^^^^^^^^^^^^^^^^^
  File "/l/users/sahal.mullappilly/miniconda3/envs/omnigen/lib/python3.11/concurrent/futures/_base.py", line 401, in __get_result
    raise self._exception
  File "/l/users/sahal.mullappilly/miniconda3/envs/omnigen/lib/python3.11/concurrent/futures/thread.py", line 58, in run
    result = self.fn(*self.args, **self.kwargs)
             ^^^^^^^^^^^^^^^^^^^^^^^^^^^^^^^^^^
  File "/home/sahal.mullappilly/mohammad/MedAgentSim/MedPromptSimulate/src/promptbase/mmlu/experiment.py", line 503, in solve
    response = {"response": None, "text": backend.query_model(prompt, sys_prompt), "success": True}
                                          ^^^^^^^^^^^^^^^^^^^
AttributeError: 'str' object has no attribute 'query_model'
2025-06-28 01:05:56,313 [MainThread  ] [ERROR]  Error occurred during run_batch_jobs.
Traceback (most recent call last):
  File "/home/sahal.mullappilly/mohammad/MedAgentSim/MedPromptSimulate/src/promptbase/mmlu/utils.py", line 93, in run_batch_jobs
    result = future.result()
             ^^^^^^^^^^^^^^^
  File "/l/users/sahal.mullappilly/miniconda3/envs/omnigen/lib/python3.11/concurrent/futures/_base.py", line 449, in result
    return self.__get_result()
           ^^^^^^^^^^^^^^^^^^^
  File "/l/users/sahal.mullappilly/miniconda3/envs/omnigen/lib/python3.11/concurrent/futures/_base.py", line 401, in __get_result
    raise self._exception
  File "/l/users/sahal.mullappilly/miniconda3/envs/omnigen/lib/python3.11/concurrent/futures/thread.py", line 58, in run
    result = self.fn(*self.args, **self.kwargs)
             ^^^^^^^^^^^^^^^^^^^^^^^^^^^^^^^^^^
  File "/home/sahal.mullappilly/mohammad/MedAgentSim/MedPromptSimulate/src/promptbase/mmlu/experiment.py", line 503, in solve
    response = {"response": None, "text": backend.query_model(prompt, sys_prompt), "success": True}
                                          ^^^^^^^^^^^^^^^^^^^
AttributeError: 'str' object has no attribute 'query_model'
2025-06-28 01:05:56,314 [MainThread  ] [ERROR]  Error occurred during run_batch_jobs.
Traceback (most recent call last):
  File "/home/sahal.mullappilly/mohammad/MedAgentSim/MedPromptSimulate/src/promptbase/mmlu/utils.py", line 93, in run_batch_jobs
    result = future.result()
             ^^^^^^^^^^^^^^^
  File "/l/users/sahal.mullappilly/miniconda3/envs/omnigen/lib/python3.11/concurrent/futures/_base.py", line 449, in result
    return self.__get_result()
           ^^^^^^^^^^^^^^^^^^^
  File "/l/users/sahal.mullappilly/miniconda3/envs/omnigen/lib/python3.11/concurrent/futures/_base.py", line 401, in __get_result
    raise self._exception
  File "/l/users/sahal.mullappilly/miniconda3/envs/omnigen/lib/python3.11/concurrent/futures/thread.py", line 58, in run
    result = self.fn(*self.args, **self.kwargs)
             ^^^^^^^^^^^^^^^^^^^^^^^^^^^^^^^^^^
  File "/home/sahal.mullappilly/mohammad/MedAgentSim/MedPromptSimulate/src/promptbase/mmlu/experiment.py", line 503, in solve
    response = {"response": None, "text": backend.query_model(prompt, sys_prompt), "success": True}
                                          ^^^^^^^^^^^^^^^^^^^
AttributeError: 'str' object has no attribute 'query_model'
2025-06-28 01:05:56,315 [MainThread  ] [ERROR]  Error occurred during run_batch_jobs.
Traceback (most recent call last):
  File "/home/sahal.mullappilly/mohammad/MedAgentSim/MedPromptSimulate/src/promptbase/mmlu/utils.py", line 93, in run_batch_jobs
    result = future.result()
             ^^^^^^^^^^^^^^^
  File "/l/users/sahal.mullappilly/miniconda3/envs/omnigen/lib/python3.11/concurrent/futures/_base.py", line 449, in result
    return self.__get_result()
           ^^^^^^^^^^^^^^^^^^^
  File "/l/users/sahal.mullappilly/miniconda3/envs/omnigen/lib/python3.11/concurrent/futures/_base.py", line 401, in __get_result
    raise self._exception
  File "/l/users/sahal.mullappilly/miniconda3/envs/omnigen/lib/python3.11/concurrent/futures/thread.py", line 58, in run
    result = self.fn(*self.args, **self.kwargs)
             ^^^^^^^^^^^^^^^^^^^^^^^^^^^^^^^^^^
  File "/home/sahal.mullappilly/mohammad/MedAgentSim/MedPromptSimulate/src/promptbase/mmlu/experiment.py", line 503, in solve
    response = {"response": None, "text": backend.query_model(prompt, sys_prompt), "success": True}
                                          ^^^^^^^^^^^^^^^^^^^
AttributeError: 'str' object has no attribute 'query_model'
2025-06-28 01:05:56,317 [MainThread  ] [ERROR]  Error occurred during run_batch_jobs.
Traceback (most recent call last):
  File "/home/sahal.mullappilly/mohammad/MedAgentSim/MedPromptSimulate/src/promptbase/mmlu/utils.py", line 93, in run_batch_jobs
    result = future.result()
             ^^^^^^^^^^^^^^^
  File "/l/users/sahal.mullappilly/miniconda3/envs/omnigen/lib/python3.11/concurrent/futures/_base.py", line 449, in result
    return self.__get_result()
           ^^^^^^^^^^^^^^^^^^^
  File "/l/users/sahal.mullappilly/miniconda3/envs/omnigen/lib/python3.11/concurrent/futures/_base.py", line 401, in __get_result
    raise self._exception
  File "/l/users/sahal.mullappilly/miniconda3/envs/omnigen/lib/python3.11/concurrent/futures/thread.py", line 58, in run
    result = self.fn(*self.args, **self.kwargs)
             ^^^^^^^^^^^^^^^^^^^^^^^^^^^^^^^^^^
  File "/home/sahal.mullappilly/mohammad/MedAgentSim/MedPromptSimulate/src/promptbase/mmlu/experiment.py", line 503, in solve
    response = {"response": None, "text": backend.query_model(prompt, sys_prompt), "success": True}
                                          ^^^^^^^^^^^^^^^^^^^
AttributeError: 'str' object has no attribute 'query_model'
2025-06-28 01:05:56,318 [MainThread  ] [ERROR]  Error occurred during run_batch_jobs.
Traceback (most recent call last):
  File "/home/sahal.mullappilly/mohammad/MedAgentSim/MedPromptSimulate/src/promptbase/mmlu/utils.py", line 93, in run_batch_jobs
    result = future.result()
             ^^^^^^^^^^^^^^^
  File "/l/users/sahal.mullappilly/miniconda3/envs/omnigen/lib/python3.11/concurrent/futures/_base.py", line 449, in result
    return self.__get_result()
           ^^^^^^^^^^^^^^^^^^^
  File "/l/users/sahal.mullappilly/miniconda3/envs/omnigen/lib/python3.11/concurrent/futures/_base.py", line 401, in __get_result
    raise self._exception
  File "/l/users/sahal.mullappilly/miniconda3/envs/omnigen/lib/python3.11/concurrent/futures/thread.py", line 58, in run
    result = self.fn(*self.args, **self.kwargs)
             ^^^^^^^^^^^^^^^^^^^^^^^^^^^^^^^^^^
  File "/home/sahal.mullappilly/mohammad/MedAgentSim/MedPromptSimulate/src/promptbase/mmlu/experiment.py", line 503, in solve
    response = {"response": None, "text": backend.query_model(prompt, sys_prompt), "success": True}
                                          ^^^^^^^^^^^^^^^^^^^
AttributeError: 'str' object has no attribute 'query_model'
2025-06-28 01:06:07,919 [MainThread  ] [ERROR]  An error occurred during the simulation.
Traceback (most recent call last):
  File "/home/sahal.mullappilly/mohammad/MedAgentSim/medsim/run.py", line 217, in prep
    is_correct = run_simulation_idx(
                 ^^^^^^^^^^^^^^^^^^^
  File "/home/sahal.mullappilly/mohammad/MedAgentSim/medsim/run.py", line 424, in run_simulation_idx
    is_correct = run_interaction_loop(
                 ^^^^^^^^^^^^^^^^^^^^^
  File "/home/sahal.mullappilly/mohammad/MedAgentSim/medsim/run.py", line 515, in run_interaction_loop
    accuracy = (total_correct + int(is_correct)) / total_scenarios * 100
               ~~~~~~~~~~~~~~~~~~~~~~~~~~~~~~~~~~^~~~~~~~~~~~~~~~~
ZeroDivisionError: division by zero
2025-06-28 01:54:59,536 [MainThread  ] [ERROR]  Error occurred during run_batch_jobs.
Traceback (most recent call last):
  File "/home/sahal.mullappilly/mohammad/MedAgentSim/MedPromptSimulate/src/promptbase/mmlu/utils.py", line 93, in run_batch_jobs
    result = future.result()
             ^^^^^^^^^^^^^^^
  File "/l/users/sahal.mullappilly/miniconda3/envs/omnigen/lib/python3.11/concurrent/futures/_base.py", line 449, in result
    return self.__get_result()
           ^^^^^^^^^^^^^^^^^^^
  File "/l/users/sahal.mullappilly/miniconda3/envs/omnigen/lib/python3.11/concurrent/futures/_base.py", line 401, in __get_result
    raise self._exception
  File "/l/users/sahal.mullappilly/miniconda3/envs/omnigen/lib/python3.11/concurrent/futures/thread.py", line 58, in run
    result = self.fn(*self.args, **self.kwargs)
             ^^^^^^^^^^^^^^^^^^^^^^^^^^^^^^^^^^
  File "/home/sahal.mullappilly/mohammad/MedAgentSim/MedPromptSimulate/src/promptbase/mmlu/experiment.py", line 503, in solve
    response = {"response": None, "text": backend.query_model(prompt, sys_prompt), "success": True}
                                          ^^^^^^^^^^^^^^^^^^^
AttributeError: 'str' object has no attribute 'query_model'
2025-06-28 01:54:59,540 [MainThread  ] [ERROR]  Error occurred during run_batch_jobs.
Traceback (most recent call last):
  File "/home/sahal.mullappilly/mohammad/MedAgentSim/MedPromptSimulate/src/promptbase/mmlu/utils.py", line 93, in run_batch_jobs
    result = future.result()
             ^^^^^^^^^^^^^^^
  File "/l/users/sahal.mullappilly/miniconda3/envs/omnigen/lib/python3.11/concurrent/futures/_base.py", line 449, in result
    return self.__get_result()
           ^^^^^^^^^^^^^^^^^^^
  File "/l/users/sahal.mullappilly/miniconda3/envs/omnigen/lib/python3.11/concurrent/futures/_base.py", line 401, in __get_result
    raise self._exception
  File "/l/users/sahal.mullappilly/miniconda3/envs/omnigen/lib/python3.11/concurrent/futures/thread.py", line 58, in run
    result = self.fn(*self.args, **self.kwargs)
             ^^^^^^^^^^^^^^^^^^^^^^^^^^^^^^^^^^
  File "/home/sahal.mullappilly/mohammad/MedAgentSim/MedPromptSimulate/src/promptbase/mmlu/experiment.py", line 503, in solve
    response = {"response": None, "text": backend.query_model(prompt, sys_prompt), "success": True}
                                          ^^^^^^^^^^^^^^^^^^^
AttributeError: 'str' object has no attribute 'query_model'
2025-06-28 01:54:59,541 [MainThread  ] [ERROR]  Error occurred during run_batch_jobs.
Traceback (most recent call last):
  File "/home/sahal.mullappilly/mohammad/MedAgentSim/MedPromptSimulate/src/promptbase/mmlu/utils.py", line 93, in run_batch_jobs
    result = future.result()
             ^^^^^^^^^^^^^^^
  File "/l/users/sahal.mullappilly/miniconda3/envs/omnigen/lib/python3.11/concurrent/futures/_base.py", line 449, in result
    return self.__get_result()
           ^^^^^^^^^^^^^^^^^^^
  File "/l/users/sahal.mullappilly/miniconda3/envs/omnigen/lib/python3.11/concurrent/futures/_base.py", line 401, in __get_result
    raise self._exception
  File "/l/users/sahal.mullappilly/miniconda3/envs/omnigen/lib/python3.11/concurrent/futures/thread.py", line 58, in run
    result = self.fn(*self.args, **self.kwargs)
             ^^^^^^^^^^^^^^^^^^^^^^^^^^^^^^^^^^
  File "/home/sahal.mullappilly/mohammad/MedAgentSim/MedPromptSimulate/src/promptbase/mmlu/experiment.py", line 503, in solve
    response = {"response": None, "text": backend.query_model(prompt, sys_prompt), "success": True}
                                          ^^^^^^^^^^^^^^^^^^^
AttributeError: 'str' object has no attribute 'query_model'
2025-06-28 01:54:59,542 [MainThread  ] [ERROR]  Error occurred during run_batch_jobs.
Traceback (most recent call last):
  File "/home/sahal.mullappilly/mohammad/MedAgentSim/MedPromptSimulate/src/promptbase/mmlu/utils.py", line 93, in run_batch_jobs
    result = future.result()
             ^^^^^^^^^^^^^^^
  File "/l/users/sahal.mullappilly/miniconda3/envs/omnigen/lib/python3.11/concurrent/futures/_base.py", line 449, in result
    return self.__get_result()
           ^^^^^^^^^^^^^^^^^^^
  File "/l/users/sahal.mullappilly/miniconda3/envs/omnigen/lib/python3.11/concurrent/futures/_base.py", line 401, in __get_result
    raise self._exception
  File "/l/users/sahal.mullappilly/miniconda3/envs/omnigen/lib/python3.11/concurrent/futures/thread.py", line 58, in run
    result = self.fn(*self.args, **self.kwargs)
             ^^^^^^^^^^^^^^^^^^^^^^^^^^^^^^^^^^
  File "/home/sahal.mullappilly/mohammad/MedAgentSim/MedPromptSimulate/src/promptbase/mmlu/experiment.py", line 503, in solve
    response = {"response": None, "text": backend.query_model(prompt, sys_prompt), "success": True}
                                          ^^^^^^^^^^^^^^^^^^^
AttributeError: 'str' object has no attribute 'query_model'
2025-06-28 01:54:59,543 [MainThread  ] [ERROR]  Error occurred during run_batch_jobs.
Traceback (most recent call last):
  File "/home/sahal.mullappilly/mohammad/MedAgentSim/MedPromptSimulate/src/promptbase/mmlu/utils.py", line 93, in run_batch_jobs
    result = future.result()
             ^^^^^^^^^^^^^^^
  File "/l/users/sahal.mullappilly/miniconda3/envs/omnigen/lib/python3.11/concurrent/futures/_base.py", line 449, in result
    return self.__get_result()
           ^^^^^^^^^^^^^^^^^^^
  File "/l/users/sahal.mullappilly/miniconda3/envs/omnigen/lib/python3.11/concurrent/futures/_base.py", line 401, in __get_result
    raise self._exception
  File "/l/users/sahal.mullappilly/miniconda3/envs/omnigen/lib/python3.11/concurrent/futures/thread.py", line 58, in run
    result = self.fn(*self.args, **self.kwargs)
             ^^^^^^^^^^^^^^^^^^^^^^^^^^^^^^^^^^
  File "/home/sahal.mullappilly/mohammad/MedAgentSim/MedPromptSimulate/src/promptbase/mmlu/experiment.py", line 503, in solve
    response = {"response": None, "text": backend.query_model(prompt, sys_prompt), "success": True}
                                          ^^^^^^^^^^^^^^^^^^^
AttributeError: 'str' object has no attribute 'query_model'
2025-06-28 01:54:59,545 [MainThread  ] [ERROR]  Error occurred during run_batch_jobs.
Traceback (most recent call last):
  File "/home/sahal.mullappilly/mohammad/MedAgentSim/MedPromptSimulate/src/promptbase/mmlu/utils.py", line 93, in run_batch_jobs
    result = future.result()
             ^^^^^^^^^^^^^^^
  File "/l/users/sahal.mullappilly/miniconda3/envs/omnigen/lib/python3.11/concurrent/futures/_base.py", line 449, in result
    return self.__get_result()
           ^^^^^^^^^^^^^^^^^^^
  File "/l/users/sahal.mullappilly/miniconda3/envs/omnigen/lib/python3.11/concurrent/futures/_base.py", line 401, in __get_result
    raise self._exception
  File "/l/users/sahal.mullappilly/miniconda3/envs/omnigen/lib/python3.11/concurrent/futures/thread.py", line 58, in run
    result = self.fn(*self.args, **self.kwargs)
             ^^^^^^^^^^^^^^^^^^^^^^^^^^^^^^^^^^
  File "/home/sahal.mullappilly/mohammad/MedAgentSim/MedPromptSimulate/src/promptbase/mmlu/experiment.py", line 503, in solve
    response = {"response": None, "text": backend.query_model(prompt, sys_prompt), "success": True}
                                          ^^^^^^^^^^^^^^^^^^^
AttributeError: 'str' object has no attribute 'query_model'
2025-06-28 01:54:59,547 [MainThread  ] [ERROR]  Error occurred during run_batch_jobs.
Traceback (most recent call last):
  File "/home/sahal.mullappilly/mohammad/MedAgentSim/MedPromptSimulate/src/promptbase/mmlu/utils.py", line 93, in run_batch_jobs
    result = future.result()
             ^^^^^^^^^^^^^^^
  File "/l/users/sahal.mullappilly/miniconda3/envs/omnigen/lib/python3.11/concurrent/futures/_base.py", line 449, in result
    return self.__get_result()
           ^^^^^^^^^^^^^^^^^^^
  File "/l/users/sahal.mullappilly/miniconda3/envs/omnigen/lib/python3.11/concurrent/futures/_base.py", line 401, in __get_result
    raise self._exception
  File "/l/users/sahal.mullappilly/miniconda3/envs/omnigen/lib/python3.11/concurrent/futures/thread.py", line 58, in run
    result = self.fn(*self.args, **self.kwargs)
             ^^^^^^^^^^^^^^^^^^^^^^^^^^^^^^^^^^
  File "/home/sahal.mullappilly/mohammad/MedAgentSim/MedPromptSimulate/src/promptbase/mmlu/experiment.py", line 503, in solve
    response = {"response": None, "text": backend.query_model(prompt, sys_prompt), "success": True}
                                          ^^^^^^^^^^^^^^^^^^^
AttributeError: 'str' object has no attribute 'query_model'
2025-06-28 01:54:59,548 [MainThread  ] [ERROR]  Error occurred during run_batch_jobs.
Traceback (most recent call last):
  File "/home/sahal.mullappilly/mohammad/MedAgentSim/MedPromptSimulate/src/promptbase/mmlu/utils.py", line 93, in run_batch_jobs
    result = future.result()
             ^^^^^^^^^^^^^^^
  File "/l/users/sahal.mullappilly/miniconda3/envs/omnigen/lib/python3.11/concurrent/futures/_base.py", line 449, in result
    return self.__get_result()
           ^^^^^^^^^^^^^^^^^^^
  File "/l/users/sahal.mullappilly/miniconda3/envs/omnigen/lib/python3.11/concurrent/futures/_base.py", line 401, in __get_result
    raise self._exception
  File "/l/users/sahal.mullappilly/miniconda3/envs/omnigen/lib/python3.11/concurrent/futures/thread.py", line 58, in run
    result = self.fn(*self.args, **self.kwargs)
             ^^^^^^^^^^^^^^^^^^^^^^^^^^^^^^^^^^
  File "/home/sahal.mullappilly/mohammad/MedAgentSim/MedPromptSimulate/src/promptbase/mmlu/experiment.py", line 503, in solve
    response = {"response": None, "text": backend.query_model(prompt, sys_prompt), "success": True}
                                          ^^^^^^^^^^^^^^^^^^^
AttributeError: 'str' object has no attribute 'query_model'
2025-06-28 01:54:59,549 [MainThread  ] [ERROR]  Error occurred during run_batch_jobs.
Traceback (most recent call last):
  File "/home/sahal.mullappilly/mohammad/MedAgentSim/MedPromptSimulate/src/promptbase/mmlu/utils.py", line 93, in run_batch_jobs
    result = future.result()
             ^^^^^^^^^^^^^^^
  File "/l/users/sahal.mullappilly/miniconda3/envs/omnigen/lib/python3.11/concurrent/futures/_base.py", line 449, in result
    return self.__get_result()
           ^^^^^^^^^^^^^^^^^^^
  File "/l/users/sahal.mullappilly/miniconda3/envs/omnigen/lib/python3.11/concurrent/futures/_base.py", line 401, in __get_result
    raise self._exception
  File "/l/users/sahal.mullappilly/miniconda3/envs/omnigen/lib/python3.11/concurrent/futures/thread.py", line 58, in run
    result = self.fn(*self.args, **self.kwargs)
             ^^^^^^^^^^^^^^^^^^^^^^^^^^^^^^^^^^
  File "/home/sahal.mullappilly/mohammad/MedAgentSim/MedPromptSimulate/src/promptbase/mmlu/experiment.py", line 503, in solve
    response = {"response": None, "text": backend.query_model(prompt, sys_prompt), "success": True}
                                          ^^^^^^^^^^^^^^^^^^^
AttributeError: 'str' object has no attribute 'query_model'
2025-06-28 01:54:59,550 [MainThread  ] [ERROR]  Error occurred during run_batch_jobs.
Traceback (most recent call last):
  File "/home/sahal.mullappilly/mohammad/MedAgentSim/MedPromptSimulate/src/promptbase/mmlu/utils.py", line 93, in run_batch_jobs
    result = future.result()
             ^^^^^^^^^^^^^^^
  File "/l/users/sahal.mullappilly/miniconda3/envs/omnigen/lib/python3.11/concurrent/futures/_base.py", line 449, in result
    return self.__get_result()
           ^^^^^^^^^^^^^^^^^^^
  File "/l/users/sahal.mullappilly/miniconda3/envs/omnigen/lib/python3.11/concurrent/futures/_base.py", line 401, in __get_result
    raise self._exception
  File "/l/users/sahal.mullappilly/miniconda3/envs/omnigen/lib/python3.11/concurrent/futures/thread.py", line 58, in run
    result = self.fn(*self.args, **self.kwargs)
             ^^^^^^^^^^^^^^^^^^^^^^^^^^^^^^^^^^
  File "/home/sahal.mullappilly/mohammad/MedAgentSim/MedPromptSimulate/src/promptbase/mmlu/experiment.py", line 503, in solve
    response = {"response": None, "text": backend.query_model(prompt, sys_prompt), "success": True}
                                          ^^^^^^^^^^^^^^^^^^^
AttributeError: 'str' object has no attribute 'query_model'
2025-06-28 01:55:11,821 [MainThread  ] [INFO ]  Doctor [100%]: DIAGNOSIS READY: The provided discussion and findings do not support the conclusion of Cholecystitis. Cholecystitis is inflammation of the gallbladder, typically presenting with abdominal pain, fever, and other gastrointestinal symptoms, which are not mentioned in the discussion.

Based on the symptoms and test results discussed, the majority of the doctors suggest a neurological disorder, with possible conditions including amyotrophic lateral sclerosis (ALS), multiple sclerosis (MS), muscular dystrophy, or myasthenia gravis. The EMG test results are considered crucial in confirming the diagnosis.

Given the information presented, a more appropriate final diagnosis would be: Amyotrophic Lateral Sclerosis (ALS) or another motor neuron disease, pending the results of the EMG test and other diagnostic evaluations.
2025-06-28 01:55:14,351 [MainThread  ] [INFO ]  
Correct answer: Myasthenia gravis
2025-06-28 01:55:14,351 [MainThread  ] [INFO ]  Scene 0, The diagnosis was INCORRECT (0.00%)
2025-06-28 01:55:14,353 [MainThread  ] [INFO ]  Dialogue history saved for scenario 0 at /home/sahal.mullappilly/mohammad/MedAgentSim/medsim\output/scenario_0/dialogue_history.json.
2025-06-28 01:55:14,353 [MainThread  ] [INFO ]  Simulation completed.
2025-06-28 02:42:31,349 [MainThread  ] [ERROR]  Error occurred during run_batch_jobs.
Traceback (most recent call last):
  File "/home/sahal.mullappilly/mohammad/MedAgentSim/MedPromptSimulate/src/promptbase/mmlu/utils.py", line 93, in run_batch_jobs
    result = future.result()
             ^^^^^^^^^^^^^^^
  File "/l/users/sahal.mullappilly/miniconda3/envs/omnigen/lib/python3.11/concurrent/futures/_base.py", line 449, in result
    return self.__get_result()
           ^^^^^^^^^^^^^^^^^^^
  File "/l/users/sahal.mullappilly/miniconda3/envs/omnigen/lib/python3.11/concurrent/futures/_base.py", line 401, in __get_result
    raise self._exception
  File "/l/users/sahal.mullappilly/miniconda3/envs/omnigen/lib/python3.11/concurrent/futures/thread.py", line 58, in run
    result = self.fn(*self.args, **self.kwargs)
             ^^^^^^^^^^^^^^^^^^^^^^^^^^^^^^^^^^
  File "/home/sahal.mullappilly/mohammad/MedAgentSim/MedPromptSimulate/src/promptbase/mmlu/experiment.py", line 503, in solve
    response = {"response": None, "text": backend.query_model(prompt, sys_prompt), "success": True}
                                          ^^^^^^^^^^^^^^^^^^^
AttributeError: 'str' object has no attribute 'query_model'
2025-06-28 02:42:31,353 [MainThread  ] [ERROR]  Error occurred during run_batch_jobs.
Traceback (most recent call last):
  File "/home/sahal.mullappilly/mohammad/MedAgentSim/MedPromptSimulate/src/promptbase/mmlu/utils.py", line 93, in run_batch_jobs
    result = future.result()
             ^^^^^^^^^^^^^^^
  File "/l/users/sahal.mullappilly/miniconda3/envs/omnigen/lib/python3.11/concurrent/futures/_base.py", line 449, in result
    return self.__get_result()
           ^^^^^^^^^^^^^^^^^^^
  File "/l/users/sahal.mullappilly/miniconda3/envs/omnigen/lib/python3.11/concurrent/futures/_base.py", line 401, in __get_result
    raise self._exception
  File "/l/users/sahal.mullappilly/miniconda3/envs/omnigen/lib/python3.11/concurrent/futures/thread.py", line 58, in run
    result = self.fn(*self.args, **self.kwargs)
             ^^^^^^^^^^^^^^^^^^^^^^^^^^^^^^^^^^
  File "/home/sahal.mullappilly/mohammad/MedAgentSim/MedPromptSimulate/src/promptbase/mmlu/experiment.py", line 503, in solve
    response = {"response": None, "text": backend.query_model(prompt, sys_prompt), "success": True}
                                          ^^^^^^^^^^^^^^^^^^^
AttributeError: 'str' object has no attribute 'query_model'
2025-06-28 02:42:31,355 [MainThread  ] [ERROR]  Error occurred during run_batch_jobs.
Traceback (most recent call last):
  File "/home/sahal.mullappilly/mohammad/MedAgentSim/MedPromptSimulate/src/promptbase/mmlu/utils.py", line 93, in run_batch_jobs
    result = future.result()
             ^^^^^^^^^^^^^^^
  File "/l/users/sahal.mullappilly/miniconda3/envs/omnigen/lib/python3.11/concurrent/futures/_base.py", line 449, in result
    return self.__get_result()
           ^^^^^^^^^^^^^^^^^^^
  File "/l/users/sahal.mullappilly/miniconda3/envs/omnigen/lib/python3.11/concurrent/futures/_base.py", line 401, in __get_result
    raise self._exception
  File "/l/users/sahal.mullappilly/miniconda3/envs/omnigen/lib/python3.11/concurrent/futures/thread.py", line 58, in run
    result = self.fn(*self.args, **self.kwargs)
             ^^^^^^^^^^^^^^^^^^^^^^^^^^^^^^^^^^
  File "/home/sahal.mullappilly/mohammad/MedAgentSim/MedPromptSimulate/src/promptbase/mmlu/experiment.py", line 503, in solve
    response = {"response": None, "text": backend.query_model(prompt, sys_prompt), "success": True}
                                          ^^^^^^^^^^^^^^^^^^^
AttributeError: 'str' object has no attribute 'query_model'
2025-06-28 02:42:31,357 [MainThread  ] [ERROR]  Error occurred during run_batch_jobs.
Traceback (most recent call last):
  File "/home/sahal.mullappilly/mohammad/MedAgentSim/MedPromptSimulate/src/promptbase/mmlu/utils.py", line 93, in run_batch_jobs
    result = future.result()
             ^^^^^^^^^^^^^^^
  File "/l/users/sahal.mullappilly/miniconda3/envs/omnigen/lib/python3.11/concurrent/futures/_base.py", line 449, in result
    return self.__get_result()
           ^^^^^^^^^^^^^^^^^^^
  File "/l/users/sahal.mullappilly/miniconda3/envs/omnigen/lib/python3.11/concurrent/futures/_base.py", line 401, in __get_result
    raise self._exception
  File "/l/users/sahal.mullappilly/miniconda3/envs/omnigen/lib/python3.11/concurrent/futures/thread.py", line 58, in run
    result = self.fn(*self.args, **self.kwargs)
             ^^^^^^^^^^^^^^^^^^^^^^^^^^^^^^^^^^
  File "/home/sahal.mullappilly/mohammad/MedAgentSim/MedPromptSimulate/src/promptbase/mmlu/experiment.py", line 503, in solve
    response = {"response": None, "text": backend.query_model(prompt, sys_prompt), "success": True}
                                          ^^^^^^^^^^^^^^^^^^^
AttributeError: 'str' object has no attribute 'query_model'
2025-06-28 02:42:31,358 [MainThread  ] [ERROR]  Error occurred during run_batch_jobs.
Traceback (most recent call last):
  File "/home/sahal.mullappilly/mohammad/MedAgentSim/MedPromptSimulate/src/promptbase/mmlu/utils.py", line 93, in run_batch_jobs
    result = future.result()
             ^^^^^^^^^^^^^^^
  File "/l/users/sahal.mullappilly/miniconda3/envs/omnigen/lib/python3.11/concurrent/futures/_base.py", line 449, in result
    return self.__get_result()
           ^^^^^^^^^^^^^^^^^^^
  File "/l/users/sahal.mullappilly/miniconda3/envs/omnigen/lib/python3.11/concurrent/futures/_base.py", line 401, in __get_result
    raise self._exception
  File "/l/users/sahal.mullappilly/miniconda3/envs/omnigen/lib/python3.11/concurrent/futures/thread.py", line 58, in run
    result = self.fn(*self.args, **self.kwargs)
             ^^^^^^^^^^^^^^^^^^^^^^^^^^^^^^^^^^
  File "/home/sahal.mullappilly/mohammad/MedAgentSim/MedPromptSimulate/src/promptbase/mmlu/experiment.py", line 503, in solve
    response = {"response": None, "text": backend.query_model(prompt, sys_prompt), "success": True}
                                          ^^^^^^^^^^^^^^^^^^^
AttributeError: 'str' object has no attribute 'query_model'
2025-06-28 02:42:31,360 [MainThread  ] [ERROR]  Error occurred during run_batch_jobs.
Traceback (most recent call last):
  File "/home/sahal.mullappilly/mohammad/MedAgentSim/MedPromptSimulate/src/promptbase/mmlu/utils.py", line 93, in run_batch_jobs
    result = future.result()
             ^^^^^^^^^^^^^^^
  File "/l/users/sahal.mullappilly/miniconda3/envs/omnigen/lib/python3.11/concurrent/futures/_base.py", line 449, in result
    return self.__get_result()
           ^^^^^^^^^^^^^^^^^^^
  File "/l/users/sahal.mullappilly/miniconda3/envs/omnigen/lib/python3.11/concurrent/futures/_base.py", line 401, in __get_result
    raise self._exception
  File "/l/users/sahal.mullappilly/miniconda3/envs/omnigen/lib/python3.11/concurrent/futures/thread.py", line 58, in run
    result = self.fn(*self.args, **self.kwargs)
             ^^^^^^^^^^^^^^^^^^^^^^^^^^^^^^^^^^
  File "/home/sahal.mullappilly/mohammad/MedAgentSim/MedPromptSimulate/src/promptbase/mmlu/experiment.py", line 503, in solve
    response = {"response": None, "text": backend.query_model(prompt, sys_prompt), "success": True}
                                          ^^^^^^^^^^^^^^^^^^^
AttributeError: 'str' object has no attribute 'query_model'
2025-06-28 02:42:31,362 [MainThread  ] [ERROR]  Error occurred during run_batch_jobs.
Traceback (most recent call last):
  File "/home/sahal.mullappilly/mohammad/MedAgentSim/MedPromptSimulate/src/promptbase/mmlu/utils.py", line 93, in run_batch_jobs
    result = future.result()
             ^^^^^^^^^^^^^^^
  File "/l/users/sahal.mullappilly/miniconda3/envs/omnigen/lib/python3.11/concurrent/futures/_base.py", line 449, in result
    return self.__get_result()
           ^^^^^^^^^^^^^^^^^^^
  File "/l/users/sahal.mullappilly/miniconda3/envs/omnigen/lib/python3.11/concurrent/futures/_base.py", line 401, in __get_result
    raise self._exception
  File "/l/users/sahal.mullappilly/miniconda3/envs/omnigen/lib/python3.11/concurrent/futures/thread.py", line 58, in run
    result = self.fn(*self.args, **self.kwargs)
             ^^^^^^^^^^^^^^^^^^^^^^^^^^^^^^^^^^
  File "/home/sahal.mullappilly/mohammad/MedAgentSim/MedPromptSimulate/src/promptbase/mmlu/experiment.py", line 503, in solve
    response = {"response": None, "text": backend.query_model(prompt, sys_prompt), "success": True}
                                          ^^^^^^^^^^^^^^^^^^^
AttributeError: 'str' object has no attribute 'query_model'
2025-06-28 02:42:31,363 [MainThread  ] [ERROR]  Error occurred during run_batch_jobs.
Traceback (most recent call last):
  File "/home/sahal.mullappilly/mohammad/MedAgentSim/MedPromptSimulate/src/promptbase/mmlu/utils.py", line 93, in run_batch_jobs
    result = future.result()
             ^^^^^^^^^^^^^^^
  File "/l/users/sahal.mullappilly/miniconda3/envs/omnigen/lib/python3.11/concurrent/futures/_base.py", line 449, in result
    return self.__get_result()
           ^^^^^^^^^^^^^^^^^^^
  File "/l/users/sahal.mullappilly/miniconda3/envs/omnigen/lib/python3.11/concurrent/futures/_base.py", line 401, in __get_result
    raise self._exception
  File "/l/users/sahal.mullappilly/miniconda3/envs/omnigen/lib/python3.11/concurrent/futures/thread.py", line 58, in run
    result = self.fn(*self.args, **self.kwargs)
             ^^^^^^^^^^^^^^^^^^^^^^^^^^^^^^^^^^
  File "/home/sahal.mullappilly/mohammad/MedAgentSim/MedPromptSimulate/src/promptbase/mmlu/experiment.py", line 503, in solve
    response = {"response": None, "text": backend.query_model(prompt, sys_prompt), "success": True}
                                          ^^^^^^^^^^^^^^^^^^^
AttributeError: 'str' object has no attribute 'query_model'
2025-06-28 02:42:31,367 [MainThread  ] [ERROR]  Error occurred during run_batch_jobs.
Traceback (most recent call last):
  File "/home/sahal.mullappilly/mohammad/MedAgentSim/MedPromptSimulate/src/promptbase/mmlu/utils.py", line 93, in run_batch_jobs
    result = future.result()
             ^^^^^^^^^^^^^^^
  File "/l/users/sahal.mullappilly/miniconda3/envs/omnigen/lib/python3.11/concurrent/futures/_base.py", line 449, in result
    return self.__get_result()
           ^^^^^^^^^^^^^^^^^^^
  File "/l/users/sahal.mullappilly/miniconda3/envs/omnigen/lib/python3.11/concurrent/futures/_base.py", line 401, in __get_result
    raise self._exception
  File "/l/users/sahal.mullappilly/miniconda3/envs/omnigen/lib/python3.11/concurrent/futures/thread.py", line 58, in run
    result = self.fn(*self.args, **self.kwargs)
             ^^^^^^^^^^^^^^^^^^^^^^^^^^^^^^^^^^
  File "/home/sahal.mullappilly/mohammad/MedAgentSim/MedPromptSimulate/src/promptbase/mmlu/experiment.py", line 503, in solve
    response = {"response": None, "text": backend.query_model(prompt, sys_prompt), "success": True}
                                          ^^^^^^^^^^^^^^^^^^^
AttributeError: 'str' object has no attribute 'query_model'
2025-06-28 02:42:31,368 [MainThread  ] [ERROR]  Error occurred during run_batch_jobs.
Traceback (most recent call last):
  File "/home/sahal.mullappilly/mohammad/MedAgentSim/MedPromptSimulate/src/promptbase/mmlu/utils.py", line 93, in run_batch_jobs
    result = future.result()
             ^^^^^^^^^^^^^^^
  File "/l/users/sahal.mullappilly/miniconda3/envs/omnigen/lib/python3.11/concurrent/futures/_base.py", line 449, in result
    return self.__get_result()
           ^^^^^^^^^^^^^^^^^^^
  File "/l/users/sahal.mullappilly/miniconda3/envs/omnigen/lib/python3.11/concurrent/futures/_base.py", line 401, in __get_result
    raise self._exception
  File "/l/users/sahal.mullappilly/miniconda3/envs/omnigen/lib/python3.11/concurrent/futures/thread.py", line 58, in run
    result = self.fn(*self.args, **self.kwargs)
             ^^^^^^^^^^^^^^^^^^^^^^^^^^^^^^^^^^
  File "/home/sahal.mullappilly/mohammad/MedAgentSim/MedPromptSimulate/src/promptbase/mmlu/experiment.py", line 503, in solve
    response = {"response": None, "text": backend.query_model(prompt, sys_prompt), "success": True}
                                          ^^^^^^^^^^^^^^^^^^^
AttributeError: 'str' object has no attribute 'query_model'
2025-06-28 02:42:44,348 [MainThread  ] [INFO ]  Doctor [100%]: DIAGNOSIS READY: Myasthenia Gravis (MG)

The majority of the doctors (Doctors 1, 2, 4, and 5) considered Myasthenia Gravis as a potential diagnosis due to the patient's symptoms, such as fluctuating weakness, double vision, difficulty with speech and swallowing, and muscle cramps. Although some doctors also mentioned other conditions like Multiple Sclerosis (MS) and Amyotrophic Lateral Sclerosis (ALS), the combination of symptoms and the absence of specific indicators for these conditions made Myasthenia Gravis a more likely diagnosis.

Note: Cholecystitis, which was mentioned as the concluded diagnosis, does not align with the discussion and symptoms presented, as it is an inflammation of the gallbladder and does not match the neurological symptoms described by the patient.
2025-06-28 02:42:46,879 [MainThread  ] [INFO ]  
Correct answer: Myasthenia gravis
2025-06-28 02:42:46,879 [MainThread  ] [INFO ]  Scene 0, The diagnosis was CORRECT (100.00%)
2025-06-28 02:42:46,881 [MainThread  ] [INFO ]  Dialogue history saved for scenario 0 at /home/sahal.mullappilly/mohammad/MedAgentSim/output/scenario_0/dialogue_history.json.
2025-06-28 02:42:46,881 [MainThread  ] [INFO ]  Simulation completed.
2025-06-28 03:15:47,187 [MainThread  ] [ERROR]  Error occurred during run_batch_jobs.
Traceback (most recent call last):
  File "/home/sahal.mullappilly/mohammad/MedAgentSim/MedPromptSimulate/src/promptbase/mmlu/utils.py", line 93, in run_batch_jobs
    result = future.result()
             ^^^^^^^^^^^^^^^
  File "/l/users/sahal.mullappilly/miniconda3/envs/omnigen/lib/python3.11/concurrent/futures/_base.py", line 449, in result
    return self.__get_result()
           ^^^^^^^^^^^^^^^^^^^
  File "/l/users/sahal.mullappilly/miniconda3/envs/omnigen/lib/python3.11/concurrent/futures/_base.py", line 401, in __get_result
    raise self._exception
  File "/l/users/sahal.mullappilly/miniconda3/envs/omnigen/lib/python3.11/concurrent/futures/thread.py", line 58, in run
    result = self.fn(*self.args, **self.kwargs)
             ^^^^^^^^^^^^^^^^^^^^^^^^^^^^^^^^^^
  File "/home/sahal.mullappilly/mohammad/MedAgentSim/MedPromptSimulate/src/promptbase/mmlu/experiment.py", line 503, in solve
    response = {"response": None, "text": backend.query_model(prompt, sys_prompt), "success": True}
                                          ^^^^^^^^^^^^^^^^^^^
AttributeError: 'str' object has no attribute 'query_model'
2025-06-28 03:15:47,190 [MainThread  ] [ERROR]  Error occurred during run_batch_jobs.
Traceback (most recent call last):
  File "/home/sahal.mullappilly/mohammad/MedAgentSim/MedPromptSimulate/src/promptbase/mmlu/utils.py", line 93, in run_batch_jobs
    result = future.result()
             ^^^^^^^^^^^^^^^
  File "/l/users/sahal.mullappilly/miniconda3/envs/omnigen/lib/python3.11/concurrent/futures/_base.py", line 449, in result
    return self.__get_result()
           ^^^^^^^^^^^^^^^^^^^
  File "/l/users/sahal.mullappilly/miniconda3/envs/omnigen/lib/python3.11/concurrent/futures/_base.py", line 401, in __get_result
    raise self._exception
  File "/l/users/sahal.mullappilly/miniconda3/envs/omnigen/lib/python3.11/concurrent/futures/thread.py", line 58, in run
    result = self.fn(*self.args, **self.kwargs)
             ^^^^^^^^^^^^^^^^^^^^^^^^^^^^^^^^^^
  File "/home/sahal.mullappilly/mohammad/MedAgentSim/MedPromptSimulate/src/promptbase/mmlu/experiment.py", line 503, in solve
    response = {"response": None, "text": backend.query_model(prompt, sys_prompt), "success": True}
                                          ^^^^^^^^^^^^^^^^^^^
AttributeError: 'str' object has no attribute 'query_model'
2025-06-28 03:15:47,192 [MainThread  ] [ERROR]  Error occurred during run_batch_jobs.
Traceback (most recent call last):
  File "/home/sahal.mullappilly/mohammad/MedAgentSim/MedPromptSimulate/src/promptbase/mmlu/utils.py", line 93, in run_batch_jobs
    result = future.result()
             ^^^^^^^^^^^^^^^
  File "/l/users/sahal.mullappilly/miniconda3/envs/omnigen/lib/python3.11/concurrent/futures/_base.py", line 449, in result
    return self.__get_result()
           ^^^^^^^^^^^^^^^^^^^
  File "/l/users/sahal.mullappilly/miniconda3/envs/omnigen/lib/python3.11/concurrent/futures/_base.py", line 401, in __get_result
    raise self._exception
  File "/l/users/sahal.mullappilly/miniconda3/envs/omnigen/lib/python3.11/concurrent/futures/thread.py", line 58, in run
    result = self.fn(*self.args, **self.kwargs)
             ^^^^^^^^^^^^^^^^^^^^^^^^^^^^^^^^^^
  File "/home/sahal.mullappilly/mohammad/MedAgentSim/MedPromptSimulate/src/promptbase/mmlu/experiment.py", line 503, in solve
    response = {"response": None, "text": backend.query_model(prompt, sys_prompt), "success": True}
                                          ^^^^^^^^^^^^^^^^^^^
AttributeError: 'str' object has no attribute 'query_model'
2025-06-28 03:15:47,193 [MainThread  ] [ERROR]  Error occurred during run_batch_jobs.
Traceback (most recent call last):
  File "/home/sahal.mullappilly/mohammad/MedAgentSim/MedPromptSimulate/src/promptbase/mmlu/utils.py", line 93, in run_batch_jobs
    result = future.result()
             ^^^^^^^^^^^^^^^
  File "/l/users/sahal.mullappilly/miniconda3/envs/omnigen/lib/python3.11/concurrent/futures/_base.py", line 449, in result
    return self.__get_result()
           ^^^^^^^^^^^^^^^^^^^
  File "/l/users/sahal.mullappilly/miniconda3/envs/omnigen/lib/python3.11/concurrent/futures/_base.py", line 401, in __get_result
    raise self._exception
  File "/l/users/sahal.mullappilly/miniconda3/envs/omnigen/lib/python3.11/concurrent/futures/thread.py", line 58, in run
    result = self.fn(*self.args, **self.kwargs)
             ^^^^^^^^^^^^^^^^^^^^^^^^^^^^^^^^^^
  File "/home/sahal.mullappilly/mohammad/MedAgentSim/MedPromptSimulate/src/promptbase/mmlu/experiment.py", line 503, in solve
    response = {"response": None, "text": backend.query_model(prompt, sys_prompt), "success": True}
                                          ^^^^^^^^^^^^^^^^^^^
AttributeError: 'str' object has no attribute 'query_model'
2025-06-28 03:15:47,194 [MainThread  ] [ERROR]  Error occurred during run_batch_jobs.
Traceback (most recent call last):
  File "/home/sahal.mullappilly/mohammad/MedAgentSim/MedPromptSimulate/src/promptbase/mmlu/utils.py", line 93, in run_batch_jobs
    result = future.result()
             ^^^^^^^^^^^^^^^
  File "/l/users/sahal.mullappilly/miniconda3/envs/omnigen/lib/python3.11/concurrent/futures/_base.py", line 449, in result
    return self.__get_result()
           ^^^^^^^^^^^^^^^^^^^
  File "/l/users/sahal.mullappilly/miniconda3/envs/omnigen/lib/python3.11/concurrent/futures/_base.py", line 401, in __get_result
    raise self._exception
  File "/l/users/sahal.mullappilly/miniconda3/envs/omnigen/lib/python3.11/concurrent/futures/thread.py", line 58, in run
    result = self.fn(*self.args, **self.kwargs)
             ^^^^^^^^^^^^^^^^^^^^^^^^^^^^^^^^^^
  File "/home/sahal.mullappilly/mohammad/MedAgentSim/MedPromptSimulate/src/promptbase/mmlu/experiment.py", line 503, in solve
    response = {"response": None, "text": backend.query_model(prompt, sys_prompt), "success": True}
                                          ^^^^^^^^^^^^^^^^^^^
AttributeError: 'str' object has no attribute 'query_model'
2025-06-28 03:15:47,196 [MainThread  ] [ERROR]  Error occurred during run_batch_jobs.
Traceback (most recent call last):
  File "/home/sahal.mullappilly/mohammad/MedAgentSim/MedPromptSimulate/src/promptbase/mmlu/utils.py", line 93, in run_batch_jobs
    result = future.result()
             ^^^^^^^^^^^^^^^
  File "/l/users/sahal.mullappilly/miniconda3/envs/omnigen/lib/python3.11/concurrent/futures/_base.py", line 449, in result
    return self.__get_result()
           ^^^^^^^^^^^^^^^^^^^
  File "/l/users/sahal.mullappilly/miniconda3/envs/omnigen/lib/python3.11/concurrent/futures/_base.py", line 401, in __get_result
    raise self._exception
  File "/l/users/sahal.mullappilly/miniconda3/envs/omnigen/lib/python3.11/concurrent/futures/thread.py", line 58, in run
    result = self.fn(*self.args, **self.kwargs)
             ^^^^^^^^^^^^^^^^^^^^^^^^^^^^^^^^^^
  File "/home/sahal.mullappilly/mohammad/MedAgentSim/MedPromptSimulate/src/promptbase/mmlu/experiment.py", line 503, in solve
    response = {"response": None, "text": backend.query_model(prompt, sys_prompt), "success": True}
                                          ^^^^^^^^^^^^^^^^^^^
AttributeError: 'str' object has no attribute 'query_model'
2025-06-28 03:15:47,198 [MainThread  ] [ERROR]  Error occurred during run_batch_jobs.
Traceback (most recent call last):
  File "/home/sahal.mullappilly/mohammad/MedAgentSim/MedPromptSimulate/src/promptbase/mmlu/utils.py", line 93, in run_batch_jobs
    result = future.result()
             ^^^^^^^^^^^^^^^
  File "/l/users/sahal.mullappilly/miniconda3/envs/omnigen/lib/python3.11/concurrent/futures/_base.py", line 449, in result
    return self.__get_result()
           ^^^^^^^^^^^^^^^^^^^
  File "/l/users/sahal.mullappilly/miniconda3/envs/omnigen/lib/python3.11/concurrent/futures/_base.py", line 401, in __get_result
    raise self._exception
  File "/l/users/sahal.mullappilly/miniconda3/envs/omnigen/lib/python3.11/concurrent/futures/thread.py", line 58, in run
    result = self.fn(*self.args, **self.kwargs)
             ^^^^^^^^^^^^^^^^^^^^^^^^^^^^^^^^^^
  File "/home/sahal.mullappilly/mohammad/MedAgentSim/MedPromptSimulate/src/promptbase/mmlu/experiment.py", line 503, in solve
    response = {"response": None, "text": backend.query_model(prompt, sys_prompt), "success": True}
                                          ^^^^^^^^^^^^^^^^^^^
AttributeError: 'str' object has no attribute 'query_model'
2025-06-28 03:15:47,200 [MainThread  ] [ERROR]  Error occurred during run_batch_jobs.
Traceback (most recent call last):
  File "/home/sahal.mullappilly/mohammad/MedAgentSim/MedPromptSimulate/src/promptbase/mmlu/utils.py", line 93, in run_batch_jobs
    result = future.result()
             ^^^^^^^^^^^^^^^
  File "/l/users/sahal.mullappilly/miniconda3/envs/omnigen/lib/python3.11/concurrent/futures/_base.py", line 449, in result
    return self.__get_result()
           ^^^^^^^^^^^^^^^^^^^
  File "/l/users/sahal.mullappilly/miniconda3/envs/omnigen/lib/python3.11/concurrent/futures/_base.py", line 401, in __get_result
    raise self._exception
  File "/l/users/sahal.mullappilly/miniconda3/envs/omnigen/lib/python3.11/concurrent/futures/thread.py", line 58, in run
    result = self.fn(*self.args, **self.kwargs)
             ^^^^^^^^^^^^^^^^^^^^^^^^^^^^^^^^^^
  File "/home/sahal.mullappilly/mohammad/MedAgentSim/MedPromptSimulate/src/promptbase/mmlu/experiment.py", line 503, in solve
    response = {"response": None, "text": backend.query_model(prompt, sys_prompt), "success": True}
                                          ^^^^^^^^^^^^^^^^^^^
AttributeError: 'str' object has no attribute 'query_model'
2025-06-28 03:15:47,202 [MainThread  ] [ERROR]  Error occurred during run_batch_jobs.
Traceback (most recent call last):
  File "/home/sahal.mullappilly/mohammad/MedAgentSim/MedPromptSimulate/src/promptbase/mmlu/utils.py", line 93, in run_batch_jobs
    result = future.result()
             ^^^^^^^^^^^^^^^
  File "/l/users/sahal.mullappilly/miniconda3/envs/omnigen/lib/python3.11/concurrent/futures/_base.py", line 449, in result
    return self.__get_result()
           ^^^^^^^^^^^^^^^^^^^
  File "/l/users/sahal.mullappilly/miniconda3/envs/omnigen/lib/python3.11/concurrent/futures/_base.py", line 401, in __get_result
    raise self._exception
  File "/l/users/sahal.mullappilly/miniconda3/envs/omnigen/lib/python3.11/concurrent/futures/thread.py", line 58, in run
    result = self.fn(*self.args, **self.kwargs)
             ^^^^^^^^^^^^^^^^^^^^^^^^^^^^^^^^^^
  File "/home/sahal.mullappilly/mohammad/MedAgentSim/MedPromptSimulate/src/promptbase/mmlu/experiment.py", line 503, in solve
    response = {"response": None, "text": backend.query_model(prompt, sys_prompt), "success": True}
                                          ^^^^^^^^^^^^^^^^^^^
AttributeError: 'str' object has no attribute 'query_model'
2025-06-28 03:15:47,203 [MainThread  ] [ERROR]  Error occurred during run_batch_jobs.
Traceback (most recent call last):
  File "/home/sahal.mullappilly/mohammad/MedAgentSim/MedPromptSimulate/src/promptbase/mmlu/utils.py", line 93, in run_batch_jobs
    result = future.result()
             ^^^^^^^^^^^^^^^
  File "/l/users/sahal.mullappilly/miniconda3/envs/omnigen/lib/python3.11/concurrent/futures/_base.py", line 449, in result
    return self.__get_result()
           ^^^^^^^^^^^^^^^^^^^
  File "/l/users/sahal.mullappilly/miniconda3/envs/omnigen/lib/python3.11/concurrent/futures/_base.py", line 401, in __get_result
    raise self._exception
  File "/l/users/sahal.mullappilly/miniconda3/envs/omnigen/lib/python3.11/concurrent/futures/thread.py", line 58, in run
    result = self.fn(*self.args, **self.kwargs)
             ^^^^^^^^^^^^^^^^^^^^^^^^^^^^^^^^^^
  File "/home/sahal.mullappilly/mohammad/MedAgentSim/MedPromptSimulate/src/promptbase/mmlu/experiment.py", line 503, in solve
    response = {"response": None, "text": backend.query_model(prompt, sys_prompt), "success": True}
                                          ^^^^^^^^^^^^^^^^^^^
AttributeError: 'str' object has no attribute 'query_model'
2025-06-28 03:16:01,842 [MainThread  ] [INFO ]  Doctor [100%]: DIAGNOSIS READY: The provided discussion and findings do not support the diagnosis of Cholecystitis. Cholecystitis is an inflammation of the gallbladder, typically presenting with abdominal pain, fever, and potentially jaundice, which does not align with the neurological symptoms described.

Based on the symptoms presented, including double vision, upper limb weakness, difficulty climbing stairs, fine motor movement difficulties, and the discussion among the doctors considering conditions such as multiple sclerosis, myasthenia gravis, amyotrophic lateral sclerosis (ALS), muscular dystrophy, and peripheral neuropathy, a more appropriate diagnosis would be a neurological disorder.

Given the combination of motor symptoms (upper limb weakness, difficulty climbing stairs), potential sensory or balance issues (double vision, difficulty with fine motor movements), and the absence of clear indications of a systemic illness or infection, the most likely diagnosis would be a condition affecting the nervous system, such as Amyotrophic Lateral Sclerosis (ALS) or another
2025-06-28 03:16:04,380 [MainThread  ] [INFO ]  
Correct answer: Myasthenia gravis
2025-06-28 03:16:04,380 [MainThread  ] [INFO ]  Scene 0, The diagnosis was INCORRECT (0.00%)
2025-06-28 03:16:04,382 [MainThread  ] [INFO ]  Dialogue history saved for scenario 0 at /home/sahal.mullappilly/mohammad/MedAgentSim/output/scenario_0/dialogue_history.json.
2025-06-28 03:16:04,382 [MainThread  ] [INFO ]  Simulation completed.
